[0.477s] Invoking command in '/home/ochiai/ros2_ws/src/mypkg': PYTHONPATH=/home/ochiai/ros2_ws/install/mypkg/lib/python3.6/site-packages:${PYTHONPATH} /usr/bin/python3 setup.py egg_info --egg-base ../../build/mypkg build --build-base /home/ochiai/ros2_ws/build/mypkg/build install --prefix /home/ochiai/ros2_ws/install/mypkg --record /home/ochiai/ros2_ws/build/mypkg/install.log --single-version-externally-managed
[0.636s] running egg_info
[0.637s] writing ../../build/mypkg/mypkg.egg-info/PKG-INFO
[0.637s] writing dependency_links to ../../build/mypkg/mypkg.egg-info/dependency_links.txt
[0.638s] writing entry points to ../../build/mypkg/mypkg.egg-info/entry_points.txt
[0.638s] writing requirements to ../../build/mypkg/mypkg.egg-info/requires.txt
[0.638s] writing top-level names to ../../build/mypkg/mypkg.egg-info/top_level.txt
[0.661s] reading manifest file '../../build/mypkg/mypkg.egg-info/SOURCES.txt'
[0.662s] writing manifest file '../../build/mypkg/mypkg.egg-info/SOURCES.txt'
[0.662s] running build
[0.662s] running build_py
[0.663s] running install
[0.664s] running install_lib
[0.665s] running install_data
[0.665s] running install_egg_info
[0.667s] removing '/home/ochiai/ros2_ws/install/mypkg/lib/python3.6/site-packages/mypkg-0.0.0-py3.6.egg-info' (and everything under it)
[0.667s] Copying ../../build/mypkg/mypkg.egg-info to /home/ochiai/ros2_ws/install/mypkg/lib/python3.6/site-packages/mypkg-0.0.0-py3.6.egg-info
[0.668s] running install_scripts
[0.681s] Installing listener script to /home/ochiai/ros2_ws/install/mypkg/lib/mypkg
[0.682s] Installing talker script to /home/ochiai/ros2_ws/install/mypkg/lib/mypkg
[0.682s] writing list of installed files to '/home/ochiai/ros2_ws/build/mypkg/install.log'
[0.698s] Invoked command in '/home/ochiai/ros2_ws/src/mypkg' returned '0': PYTHONPATH=/home/ochiai/ros2_ws/install/mypkg/lib/python3.6/site-packages:${PYTHONPATH} /usr/bin/python3 setup.py egg_info --egg-base ../../build/mypkg build --build-base /home/ochiai/ros2_ws/build/mypkg/build install --prefix /home/ochiai/ros2_ws/install/mypkg --record /home/ochiai/ros2_ws/build/mypkg/install.log --single-version-externally-managed
