[0.403s] Invoking command in '/home/ochiai/ros2_ws/src/mypkg': PYTHONPATH=/home/ochiai/ros2_ws/install/mypkg/lib/python3.6/site-packages:${PYTHONPATH} /usr/bin/python3 setup.py egg_info --egg-base ../../build/mypkg build --build-base /home/ochiai/ros2_ws/build/mypkg/build install --prefix /home/ochiai/ros2_ws/install/mypkg --record /home/ochiai/ros2_ws/build/mypkg/install.log --single-version-externally-managed
[0.544s] running egg_info
[0.544s] writing ../../build/mypkg/mypkg.egg-info/PKG-INFO
[0.544s] writing dependency_links to ../../build/mypkg/mypkg.egg-info/dependency_links.txt
[0.545s] writing entry points to ../../build/mypkg/mypkg.egg-info/entry_points.txt
[0.545s] writing requirements to ../../build/mypkg/mypkg.egg-info/requires.txt
[0.545s] writing top-level names to ../../build/mypkg/mypkg.egg-info/top_level.txt
[0.571s] reading manifest file '../../build/mypkg/mypkg.egg-info/SOURCES.txt'
[0.572s] writing manifest file '../../build/mypkg/mypkg.egg-info/SOURCES.txt'
[0.572s] running build
[0.572s] running build_py
[0.572s] copying mypkg/talker.py -> /home/ochiai/ros2_ws/build/mypkg/build/lib/mypkg
[0.572s] running install
[0.572s] running install_lib
[0.573s] copying /home/ochiai/ros2_ws/build/mypkg/build/lib/mypkg/talker.py -> /home/ochiai/ros2_ws/install/mypkg/lib/python3.6/site-packages/mypkg
[0.573s] byte-compiling /home/ochiai/ros2_ws/install/mypkg/lib/python3.6/site-packages/mypkg/talker.py to talker.cpython-36.pyc
[0.574s] running install_data
[0.574s] running install_egg_info
[0.575s] removing '/home/ochiai/ros2_ws/install/mypkg/lib/python3.6/site-packages/mypkg-0.0.0-py3.6.egg-info' (and everything under it)
[0.576s] Copying ../../build/mypkg/mypkg.egg-info to /home/ochiai/ros2_ws/install/mypkg/lib/python3.6/site-packages/mypkg-0.0.0-py3.6.egg-info
[0.577s] running install_scripts
[0.588s] Installing talker script to /home/ochiai/ros2_ws/install/mypkg/lib/mypkg
[0.588s] writing list of installed files to '/home/ochiai/ros2_ws/build/mypkg/install.log'
[0.604s] Invoked command in '/home/ochiai/ros2_ws/src/mypkg' returned '0': PYTHONPATH=/home/ochiai/ros2_ws/install/mypkg/lib/python3.6/site-packages:${PYTHONPATH} /usr/bin/python3 setup.py egg_info --egg-base ../../build/mypkg build --build-base /home/ochiai/ros2_ws/build/mypkg/build install --prefix /home/ochiai/ros2_ws/install/mypkg --record /home/ochiai/ros2_ws/build/mypkg/install.log --single-version-externally-managed
