[0.162s] Invoking command in '/home/ochiai/ros2_ws/build/person_msgs': CMAKE_PREFIX_PATH=${CMAKE_PREFIX_PATH}:/home/ochiai/ros2_ws/install/mypkg:/opt/ros/dashing /usr/bin/cmake --build /home/ochiai/ros2_ws/build/person_msgs -- -j8 -l8
[0.197s] [  6%] Built target person_msgs__cpp
[0.197s] [ 13%] Built target person_msgs__rosidl_generator_c
[0.214s] [ 24%] Built target person_msgs__rosidl_typesupport_introspection_cpp
[0.215s] [ 34%] Built target person_msgs__rosidl_typesupport_fastrtps_cpp
[0.216s] [ 44%] Built target person_msgs__rosidl_typesupport_introspection_c
[0.233s] [ 55%] Built target person_msgs__rosidl_typesupport_cpp
[0.234s] [ 65%] Built target person_msgs__rosidl_typesupport_fastrtps_c
[0.250s] [ 75%] Built target person_msgs__rosidl_typesupport_c
[0.264s] [ 75%] Built target person_msgs
[0.278s] [ 79%] Built target person_msgs__py
[0.295s] [ 86%] Built target person_msgs__python
[0.314s] [100%] Built target person_msgs__rosidl_typesupport_c__pyext
[0.314s] [100%] Built target person_msgs__rosidl_typesupport_fastrtps_c__pyext
[0.322s] Invoked command in '/home/ochiai/ros2_ws/build/person_msgs' returned '0': CMAKE_PREFIX_PATH=${CMAKE_PREFIX_PATH}:/home/ochiai/ros2_ws/install/mypkg:/opt/ros/dashing /usr/bin/cmake --build /home/ochiai/ros2_ws/build/person_msgs -- -j8 -l8
[0.370s] Invoking command in '/home/ochiai/ros2_ws/build/person_msgs': CMAKE_PREFIX_PATH=${CMAKE_PREFIX_PATH}:/home/ochiai/ros2_ws/install/mypkg:/opt/ros/dashing /usr/bin/cmake --build /home/ochiai/ros2_ws/build/person_msgs --target install -- -j8 -l8
[0.407s] [  3%] Built target person_msgs__cpp
[0.407s] [ 13%] Built target person_msgs__rosidl_generator_c
[0.424s] [ 24%] Built target person_msgs__rosidl_typesupport_introspection_c
[0.426s] [ 34%] Built target person_msgs__rosidl_typesupport_fastrtps_cpp
[0.427s] [ 44%] Built target person_msgs__rosidl_typesupport_introspection_cpp
[0.444s] [ 55%] Built target person_msgs__rosidl_typesupport_cpp
[0.446s] [ 65%] Built target person_msgs__rosidl_typesupport_fastrtps_c
[0.462s] [ 75%] Built target person_msgs__rosidl_typesupport_c
[0.475s] [ 75%] Built target person_msgs
[0.490s] [ 79%] Built target person_msgs__py
[0.507s] [ 86%] Built target person_msgs__python
[0.525s] [ 93%] Built target person_msgs__rosidl_typesupport_c__pyext
[0.525s] [100%] Built target person_msgs__rosidl_typesupport_fastrtps_c__pyext
[0.539s] [36mInstall the project...[0m
[0.545s] -- Install configuration: ""
[0.545s] -- Up-to-date: /home/ochiai/ros2_ws/install/person_msgs/share/ament_index/resource_index/rosidl_interfaces/person_msgs
[0.545s] -- Up-to-date: /home/ochiai/ros2_ws/install/person_msgs/lib/libperson_msgs__rosidl_typesupport_c.so
[0.545s] -- Up-to-date: /home/ochiai/ros2_ws/install/person_msgs/share/person_msgs/environment/library_path.sh
[0.546s] -- Up-to-date: /home/ochiai/ros2_ws/install/person_msgs/lib/libperson_msgs__rosidl_typesupport_cpp.so
[0.546s] -- Up-to-date: /home/ochiai/ros2_ws/install/person_msgs/include/person_msgs
[0.546s] -- Up-to-date: /home/ochiai/ros2_ws/install/person_msgs/include/person_msgs/msg
[0.546s] -- Up-to-date: /home/ochiai/ros2_ws/install/person_msgs/include/person_msgs/msg/rosidl_typesupport_fastrtps_c__visibility_control.h
[0.546s] -- Up-to-date: /home/ochiai/ros2_ws/install/person_msgs/include/person_msgs/msg/person__rosidl_typesupport_fastrtps_c.h
[0.546s] -- Up-to-date: /home/ochiai/ros2_ws/install/person_msgs/lib/libperson_msgs__rosidl_typesupport_fastrtps_c.so
[0.546s] -- Up-to-date: /home/ochiai/ros2_ws/install/person_msgs/include/person_msgs
[0.547s] -- Up-to-date: /home/ochiai/ros2_ws/install/person_msgs/include/person_msgs/msg
[0.547s] -- Up-to-date: /home/ochiai/ros2_ws/install/person_msgs/include/person_msgs/msg/person.h
[0.547s] -- Up-to-date: /home/ochiai/ros2_ws/install/person_msgs/include/person_msgs/msg/person__functions.c
[0.547s] -- Up-to-date: /home/ochiai/ros2_ws/install/person_msgs/include/person_msgs/msg/person__type_support.h
[0.547s] -- Up-to-date: /home/ochiai/ros2_ws/install/person_msgs/include/person_msgs/msg/person__functions.h
[0.547s] -- Up-to-date: /home/ochiai/ros2_ws/install/person_msgs/include/person_msgs/msg/rosidl_generator_c__visibility_control.h
[0.547s] -- Up-to-date: /home/ochiai/ros2_ws/install/person_msgs/include/person_msgs/msg/person__struct.h
[0.547s] -- Up-to-date: /home/ochiai/ros2_ws/install/person_msgs/lib/libperson_msgs__rosidl_generator_c.so
[0.548s] -- Up-to-date: /home/ochiai/ros2_ws/install/person_msgs/include/person_msgs
[0.548s] -- Up-to-date: /home/ochiai/ros2_ws/install/person_msgs/include/person_msgs/msg
[0.548s] -- Up-to-date: /home/ochiai/ros2_ws/install/person_msgs/include/person_msgs/msg/rosidl_typesupport_fastrtps_cpp__visibility_control.h
[0.548s] -- Up-to-date: /home/ochiai/ros2_ws/install/person_msgs/include/person_msgs/msg/dds_fastrtps
[0.548s] -- Up-to-date: /home/ochiai/ros2_ws/install/person_msgs/include/person_msgs/msg/person__rosidl_typesupport_fastrtps_cpp.hpp
[0.548s] -- Up-to-date: /home/ochiai/ros2_ws/install/person_msgs/lib/libperson_msgs__rosidl_typesupport_fastrtps_cpp.so
[0.548s] -- Up-to-date: /home/ochiai/ros2_ws/install/person_msgs/include/person_msgs
[0.548s] -- Up-to-date: /home/ochiai/ros2_ws/install/person_msgs/include/person_msgs/msg
[0.548s] -- Up-to-date: /home/ochiai/ros2_ws/install/person_msgs/include/person_msgs/msg/person.hpp
[0.548s] -- Up-to-date: /home/ochiai/ros2_ws/install/person_msgs/include/person_msgs/msg/person__traits.hpp
[0.548s] -- Up-to-date: /home/ochiai/ros2_ws/install/person_msgs/include/person_msgs/msg/person__struct.hpp
[0.548s] -- Up-to-date: /home/ochiai/ros2_ws/install/person_msgs/include/person_msgs
[0.548s] -- Up-to-date: /home/ochiai/ros2_ws/install/person_msgs/include/person_msgs/msg
[0.548s] -- Up-to-date: /home/ochiai/ros2_ws/install/person_msgs/include/person_msgs/msg/rosidl_typesupport_introspection_c__visibility_control.h
[0.548s] -- Up-to-date: /home/ochiai/ros2_ws/install/person_msgs/include/person_msgs/msg/person__type_support.c
[0.548s] -- Up-to-date: /home/ochiai/ros2_ws/install/person_msgs/include/person_msgs/msg/person__rosidl_typesupport_introspection_c.h
[0.548s] -- Up-to-date: /home/ochiai/ros2_ws/install/person_msgs/lib/libperson_msgs__rosidl_typesupport_introspection_c.so
[0.548s] -- Up-to-date: /home/ochiai/ros2_ws/install/person_msgs/include/person_msgs
[0.548s] -- Up-to-date: /home/ochiai/ros2_ws/install/person_msgs/include/person_msgs/msg
[0.548s] -- Up-to-date: /home/ochiai/ros2_ws/install/person_msgs/include/person_msgs/msg/person__rosidl_typesupport_introspection_cpp.hpp
[0.548s] -- Up-to-date: /home/ochiai/ros2_ws/install/person_msgs/include/person_msgs/msg/person__type_support.cpp
[0.549s] -- Up-to-date: /home/ochiai/ros2_ws/install/person_msgs/lib/libperson_msgs__rosidl_typesupport_introspection_cpp.so
[0.549s] -- Up-to-date: /home/ochiai/ros2_ws/install/person_msgs/share/person_msgs/environment/pythonpath.sh
[0.549s] -- Up-to-date: /home/ochiai/ros2_ws/install/person_msgs/lib/python3.6/site-packages/person_msgs/__init__.py
[0.572s] -- Up-to-date: /home/ochiai/ros2_ws/install/person_msgs/lib/python3.6/site-packages/person_msgs/msg
[0.572s] -- Up-to-date: /home/ochiai/ros2_ws/install/person_msgs/lib/python3.6/site-packages/person_msgs/msg/_person.py
[0.572s] -- Up-to-date: /home/ochiai/ros2_ws/install/person_msgs/lib/python3.6/site-packages/person_msgs/msg/_person_s.c
[0.572s] -- Up-to-date: /home/ochiai/ros2_ws/install/person_msgs/lib/python3.6/site-packages/person_msgs/msg/__init__.py
[0.573s] -- Up-to-date: /home/ochiai/ros2_ws/install/person_msgs/lib/python3.6/site-packages/person_msgs/person_msgs_s__rosidl_typesupport_c.cpython-36m-x86_64-linux-gnu.so
[0.573s] -- Up-to-date: /home/ochiai/ros2_ws/install/person_msgs/lib/python3.6/site-packages/person_msgs/person_msgs_s__rosidl_typesupport_fastrtps_c.cpython-36m-x86_64-linux-gnu.so
[0.573s] -- Up-to-date: /home/ochiai/ros2_ws/install/person_msgs/lib/libperson_msgs__python.so
[0.573s] -- Up-to-date: /home/ochiai/ros2_ws/install/person_msgs/share/person_msgs/msg/Person.idl
[0.573s] -- Up-to-date: /home/ochiai/ros2_ws/install/person_msgs/share/person_msgs/msg/Person.msg
[0.574s] -- Up-to-date: /home/ochiai/ros2_ws/install/person_msgs/share/ament_index/resource_index/package_run_dependencies/person_msgs
[0.574s] -- Up-to-date: /home/ochiai/ros2_ws/install/person_msgs/share/ament_index/resource_index/parent_prefix_path/person_msgs
[0.574s] -- Up-to-date: /home/ochiai/ros2_ws/install/person_msgs/share/person_msgs/environment/ament_prefix_path.sh
[0.574s] -- Up-to-date: /home/ochiai/ros2_ws/install/person_msgs/share/person_msgs/environment/path.sh
[0.574s] -- Up-to-date: /home/ochiai/ros2_ws/install/person_msgs/share/person_msgs/local_setup.bash
[0.574s] -- Up-to-date: /home/ochiai/ros2_ws/install/person_msgs/share/person_msgs/local_setup.sh
[0.574s] -- Up-to-date: /home/ochiai/ros2_ws/install/person_msgs/share/person_msgs/local_setup.zsh
[0.574s] -- Up-to-date: /home/ochiai/ros2_ws/install/person_msgs/share/ament_index/resource_index/packages/person_msgs
[0.574s] -- Up-to-date: /home/ochiai/ros2_ws/install/person_msgs/share/person_msgs/cmake/rosidl_cmake-extras.cmake
[0.574s] -- Up-to-date: /home/ochiai/ros2_ws/install/person_msgs/share/person_msgs/cmake/ament_cmake_export_libraries-extras.cmake
[0.574s] -- Up-to-date: /home/ochiai/ros2_ws/install/person_msgs/share/person_msgs/cmake/ament_cmake_export_include_directories-extras.cmake
[0.574s] -- Up-to-date: /home/ochiai/ros2_ws/install/person_msgs/share/person_msgs/cmake/person_msgsConfig.cmake
[0.574s] -- Up-to-date: /home/ochiai/ros2_ws/install/person_msgs/share/person_msgs/cmake/person_msgsConfig-version.cmake
[0.574s] -- Up-to-date: /home/ochiai/ros2_ws/install/person_msgs/share/person_msgs/package.xml
[0.578s] Invoked command in '/home/ochiai/ros2_ws/build/person_msgs' returned '0': CMAKE_PREFIX_PATH=${CMAKE_PREFIX_PATH}:/home/ochiai/ros2_ws/install/mypkg:/opt/ros/dashing /usr/bin/cmake --build /home/ochiai/ros2_ws/build/person_msgs --target install -- -j8 -l8
