[0.680s] Invoking command in '/home/ochiai/ros2_ws/src/mypkg': PYTHONPATH=/home/ochiai/ros2_ws/install/mypkg/lib/python3.6/site-packages:${PYTHONPATH} /usr/bin/python3 setup.py egg_info --egg-base ../../build/mypkg build --build-base /home/ochiai/ros2_ws/build/mypkg/build install --prefix /home/ochiai/ros2_ws/install/mypkg --record /home/ochiai/ros2_ws/build/mypkg/install.log --single-version-externally-managed
[0.875s] running egg_info
[0.875s] writing ../../build/mypkg/mypkg.egg-info/PKG-INFO
[0.876s] writing dependency_links to ../../build/mypkg/mypkg.egg-info/dependency_links.txt
[0.876s] writing entry points to ../../build/mypkg/mypkg.egg-info/entry_points.txt
[0.876s] writing requirements to ../../build/mypkg/mypkg.egg-info/requires.txt
[0.876s] writing top-level names to ../../build/mypkg/mypkg.egg-info/top_level.txt
[0.905s] reading manifest file '../../build/mypkg/mypkg.egg-info/SOURCES.txt'
[0.906s] writing manifest file '../../build/mypkg/mypkg.egg-info/SOURCES.txt'
[0.907s] running build
[0.907s] running build_py
[0.907s] running install
[0.907s] running install_lib
[0.908s] running install_data
[0.908s] running install_egg_info
[0.911s] removing '/home/ochiai/ros2_ws/install/mypkg/lib/python3.6/site-packages/mypkg-0.0.0-py3.6.egg-info' (and everything under it)
[0.911s] Copying ../../build/mypkg/mypkg.egg-info to /home/ochiai/ros2_ws/install/mypkg/lib/python3.6/site-packages/mypkg-0.0.0-py3.6.egg-info
[0.912s] running install_scripts
[0.929s] Installing listener script to /home/ochiai/ros2_ws/install/mypkg/lib/mypkg
[0.929s] Installing talker script to /home/ochiai/ros2_ws/install/mypkg/lib/mypkg
[0.930s] writing list of installed files to '/home/ochiai/ros2_ws/build/mypkg/install.log'
[0.952s] Invoked command in '/home/ochiai/ros2_ws/src/mypkg' returned '0': PYTHONPATH=/home/ochiai/ros2_ws/install/mypkg/lib/python3.6/site-packages:${PYTHONPATH} /usr/bin/python3 setup.py egg_info --egg-base ../../build/mypkg build --build-base /home/ochiai/ros2_ws/build/mypkg/build install --prefix /home/ochiai/ros2_ws/install/mypkg --record /home/ochiai/ros2_ws/build/mypkg/install.log --single-version-externally-managed
