[0.430s] Invoking command in '/home/ochiai/ros2_ws/src/mypkg': PYTHONPATH=/home/ochiai/ros2_ws/install/mypkg/lib/python3.6/site-packages:${PYTHONPATH} /usr/bin/python3 setup.py egg_info --egg-base ../../build/mypkg build --build-base /home/ochiai/ros2_ws/build/mypkg/build install --prefix /home/ochiai/ros2_ws/install/mypkg --record /home/ochiai/ros2_ws/build/mypkg/install.log --single-version-externally-managed
[0.572s] running egg_info
[0.573s] writing ../../build/mypkg/mypkg.egg-info/PKG-INFO
[0.573s] writing dependency_links to ../../build/mypkg/mypkg.egg-info/dependency_links.txt
[0.573s] writing entry points to ../../build/mypkg/mypkg.egg-info/entry_points.txt
[0.574s] writing requirements to ../../build/mypkg/mypkg.egg-info/requires.txt
[0.574s] writing top-level names to ../../build/mypkg/mypkg.egg-info/top_level.txt
[0.602s] reading manifest file '../../build/mypkg/mypkg.egg-info/SOURCES.txt'
[0.603s] writing manifest file '../../build/mypkg/mypkg.egg-info/SOURCES.txt'
[0.604s] running build
[0.604s] running build_py
[0.604s] copying mypkg/listener.py -> /home/ochiai/ros2_ws/build/mypkg/build/lib/mypkg
[0.604s] running install
[0.604s] running install_lib
[0.605s] copying /home/ochiai/ros2_ws/build/mypkg/build/lib/mypkg/listener.py -> /home/ochiai/ros2_ws/install/mypkg/lib/python3.6/site-packages/mypkg
[0.606s] byte-compiling /home/ochiai/ros2_ws/install/mypkg/lib/python3.6/site-packages/mypkg/listener.py to listener.cpython-36.pyc
[0.606s] running install_data
[0.606s] running install_egg_info
[0.608s] removing '/home/ochiai/ros2_ws/install/mypkg/lib/python3.6/site-packages/mypkg-0.0.0-py3.6.egg-info' (and everything under it)
[0.609s] Copying ../../build/mypkg/mypkg.egg-info to /home/ochiai/ros2_ws/install/mypkg/lib/python3.6/site-packages/mypkg-0.0.0-py3.6.egg-info
[0.609s] running install_scripts
[0.623s] Installing listener script to /home/ochiai/ros2_ws/install/mypkg/lib/mypkg
[0.623s] Installing talker script to /home/ochiai/ros2_ws/install/mypkg/lib/mypkg
[0.623s] writing list of installed files to '/home/ochiai/ros2_ws/build/mypkg/install.log'
[0.638s] Invoked command in '/home/ochiai/ros2_ws/src/mypkg' returned '0': PYTHONPATH=/home/ochiai/ros2_ws/install/mypkg/lib/python3.6/site-packages:${PYTHONPATH} /usr/bin/python3 setup.py egg_info --egg-base ../../build/mypkg build --build-base /home/ochiai/ros2_ws/build/mypkg/build install --prefix /home/ochiai/ros2_ws/install/mypkg --record /home/ochiai/ros2_ws/build/mypkg/install.log --single-version-externally-managed
