[0.629s] Invoking command in '/home/ochiai/ros2_ws/src/mypkg': PYTHONPATH=/home/ochiai/ros2_ws/install/mypkg/lib/python3.6/site-packages:${PYTHONPATH} /usr/bin/python3 setup.py egg_info --egg-base ../../build/mypkg build --build-base /home/ochiai/ros2_ws/build/mypkg/build install --prefix /home/ochiai/ros2_ws/install/mypkg --record /home/ochiai/ros2_ws/build/mypkg/install.log --single-version-externally-managed
[0.808s] running egg_info
[0.809s] writing ../../build/mypkg/mypkg.egg-info/PKG-INFO
[0.809s] writing dependency_links to ../../build/mypkg/mypkg.egg-info/dependency_links.txt
[0.809s] writing entry points to ../../build/mypkg/mypkg.egg-info/entry_points.txt
[0.809s] writing requirements to ../../build/mypkg/mypkg.egg-info/requires.txt
[0.809s] writing top-level names to ../../build/mypkg/mypkg.egg-info/top_level.txt
[0.847s] reading manifest file '../../build/mypkg/mypkg.egg-info/SOURCES.txt'
[0.848s] writing manifest file '../../build/mypkg/mypkg.egg-info/SOURCES.txt'
[0.848s] running build
[0.849s] running build_py
[0.849s] copying mypkg/listener.py -> /home/ochiai/ros2_ws/build/mypkg/build/lib/mypkg
[0.849s] running install
[0.849s] running install_lib
[0.850s] copying /home/ochiai/ros2_ws/build/mypkg/build/lib/mypkg/listener.py -> /home/ochiai/ros2_ws/install/mypkg/lib/python3.6/site-packages/mypkg
[0.850s] byte-compiling /home/ochiai/ros2_ws/install/mypkg/lib/python3.6/site-packages/mypkg/listener.py to listener.cpython-36.pyc
[0.851s]   File "/home/ochiai/ros2_ws/install/mypkg/lib/python3.6/site-packages/mypkg/listener.py", line 26
[0.851s]     break:
[0.852s]          ^
[0.852s] SyntaxError: invalid syntax
[0.852s] 
[0.853s] running install_data
[0.853s] running install_egg_info
[0.854s] removing '/home/ochiai/ros2_ws/install/mypkg/lib/python3.6/site-packages/mypkg-0.0.0-py3.6.egg-info' (and everything under it)
[0.854s] Copying ../../build/mypkg/mypkg.egg-info to /home/ochiai/ros2_ws/install/mypkg/lib/python3.6/site-packages/mypkg-0.0.0-py3.6.egg-info
[0.855s] running install_scripts
[0.874s] Installing listener script to /home/ochiai/ros2_ws/install/mypkg/lib/mypkg
[0.874s] Installing talker script to /home/ochiai/ros2_ws/install/mypkg/lib/mypkg
[0.874s] writing list of installed files to '/home/ochiai/ros2_ws/build/mypkg/install.log'
[0.896s] Invoked command in '/home/ochiai/ros2_ws/src/mypkg' returned '0': PYTHONPATH=/home/ochiai/ros2_ws/install/mypkg/lib/python3.6/site-packages:${PYTHONPATH} /usr/bin/python3 setup.py egg_info --egg-base ../../build/mypkg build --build-base /home/ochiai/ros2_ws/build/mypkg/build install --prefix /home/ochiai/ros2_ws/install/mypkg --record /home/ochiai/ros2_ws/build/mypkg/install.log --single-version-externally-managed
