[0.195s] Invoking command in '/home/ochiai/ros2_ws/build/person_msgs': CMAKE_PREFIX_PATH=${CMAKE_PREFIX_PATH}:/home/ochiai/ros2_ws/install/mypkg:/opt/ros/dashing /usr/bin/cmake --build /home/ochiai/ros2_ws/build/person_msgs -- -j8 -l8
[0.243s] [  2%] Built target person_msgs__cpp
[0.243s] [ 13%] Built target person_msgs__rosidl_generator_c
[0.264s] [ 24%] Built target person_msgs__rosidl_typesupport_introspection_cpp
[0.267s] [ 35%] Built target person_msgs__rosidl_typesupport_introspection_c
[0.268s] [ 45%] Built target person_msgs__rosidl_typesupport_fastrtps_cpp
[0.291s] [ 56%] Built target person_msgs__rosidl_typesupport_cpp
[0.293s] [ 67%] Built target person_msgs__rosidl_typesupport_fastrtps_c
[0.317s] [ 78%] Built target person_msgs__rosidl_typesupport_c
[0.336s] [ 78%] Built target person_msgs
[0.356s] [ 81%] Built target person_msgs__py
[0.381s] [ 89%] Built target person_msgs__python
[0.403s] [ 94%] Built target person_msgs__rosidl_typesupport_fastrtps_c__pyext
[0.405s] [100%] Built target person_msgs__rosidl_typesupport_c__pyext
[0.418s] Invoked command in '/home/ochiai/ros2_ws/build/person_msgs' returned '0': CMAKE_PREFIX_PATH=${CMAKE_PREFIX_PATH}:/home/ochiai/ros2_ws/install/mypkg:/opt/ros/dashing /usr/bin/cmake --build /home/ochiai/ros2_ws/build/person_msgs -- -j8 -l8
[0.511s] Invoking command in '/home/ochiai/ros2_ws/build/person_msgs': CMAKE_PREFIX_PATH=${CMAKE_PREFIX_PATH}:/home/ochiai/ros2_ws/install/mypkg:/opt/ros/dashing /usr/bin/cmake --build /home/ochiai/ros2_ws/build/person_msgs --target install -- -j8 -l8
[0.561s] [  8%] Built target person_msgs__cpp
[0.561s] [ 13%] Built target person_msgs__rosidl_generator_c
[0.582s] [ 24%] Built target person_msgs__rosidl_typesupport_introspection_cpp
[0.583s] [ 35%] Built target person_msgs__rosidl_typesupport_introspection_c
[0.591s] [ 45%] Built target person_msgs__rosidl_typesupport_fastrtps_cpp
[0.616s] [ 56%] Built target person_msgs__rosidl_typesupport_fastrtps_c
[0.616s] [ 67%] Built target person_msgs__rosidl_typesupport_cpp
[0.639s] [ 78%] Built target person_msgs__rosidl_typesupport_c
[0.657s] [ 78%] Built target person_msgs
[0.681s] [ 81%] Built target person_msgs__py
[0.709s] [ 89%] Built target person_msgs__python
[0.732s] [ 94%] Built target person_msgs__rosidl_typesupport_c__pyext
[0.733s] [100%] Built target person_msgs__rosidl_typesupport_fastrtps_c__pyext
[0.751s] [36mInstall the project...[0m
[0.759s] -- Install configuration: ""
[0.759s] -- Up-to-date: /home/ochiai/ros2_ws/install/person_msgs/share/ament_index/resource_index/rosidl_interfaces/person_msgs
[0.759s] -- Up-to-date: /home/ochiai/ros2_ws/install/person_msgs/lib/libperson_msgs__rosidl_typesupport_c.so
[0.760s] -- Up-to-date: /home/ochiai/ros2_ws/install/person_msgs/share/person_msgs/environment/library_path.sh
[0.760s] -- Up-to-date: /home/ochiai/ros2_ws/install/person_msgs/lib/libperson_msgs__rosidl_typesupport_cpp.so
[0.760s] -- Up-to-date: /home/ochiai/ros2_ws/install/person_msgs/include/person_msgs
[0.760s] -- Up-to-date: /home/ochiai/ros2_ws/install/person_msgs/include/person_msgs/srv
[0.760s] -- Up-to-date: /home/ochiai/ros2_ws/install/person_msgs/include/person_msgs/srv/query__rosidl_typesupport_fastrtps_c.h
[0.761s] -- Up-to-date: /home/ochiai/ros2_ws/install/person_msgs/include/person_msgs/msg
[0.761s] -- Up-to-date: /home/ochiai/ros2_ws/install/person_msgs/include/person_msgs/msg/rosidl_typesupport_fastrtps_c__visibility_control.h
[0.761s] -- Up-to-date: /home/ochiai/ros2_ws/install/person_msgs/include/person_msgs/msg/person__rosidl_typesupport_fastrtps_c.h
[0.762s] -- Up-to-date: /home/ochiai/ros2_ws/install/person_msgs/lib/libperson_msgs__rosidl_typesupport_fastrtps_c.so
[0.762s] -- Up-to-date: /home/ochiai/ros2_ws/install/person_msgs/include/person_msgs
[0.762s] -- Up-to-date: /home/ochiai/ros2_ws/install/person_msgs/include/person_msgs/srv
[0.762s] -- Up-to-date: /home/ochiai/ros2_ws/install/person_msgs/include/person_msgs/srv/query__functions.c
[0.763s] -- Up-to-date: /home/ochiai/ros2_ws/install/person_msgs/include/person_msgs/srv/query.h
[0.763s] -- Up-to-date: /home/ochiai/ros2_ws/install/person_msgs/include/person_msgs/srv/query__type_support.h
[0.763s] -- Up-to-date: /home/ochiai/ros2_ws/install/person_msgs/include/person_msgs/srv/query__functions.h
[0.763s] -- Up-to-date: /home/ochiai/ros2_ws/install/person_msgs/include/person_msgs/srv/query__struct.h
[0.763s] -- Up-to-date: /home/ochiai/ros2_ws/install/person_msgs/include/person_msgs/msg
[0.763s] -- Up-to-date: /home/ochiai/ros2_ws/install/person_msgs/include/person_msgs/msg/person.h
[0.763s] -- Up-to-date: /home/ochiai/ros2_ws/install/person_msgs/include/person_msgs/msg/person__functions.c
[0.763s] -- Up-to-date: /home/ochiai/ros2_ws/install/person_msgs/include/person_msgs/msg/person__type_support.h
[0.764s] -- Up-to-date: /home/ochiai/ros2_ws/install/person_msgs/include/person_msgs/msg/person__functions.h
[0.764s] -- Up-to-date: /home/ochiai/ros2_ws/install/person_msgs/include/person_msgs/msg/rosidl_generator_c__visibility_control.h
[0.764s] -- Up-to-date: /home/ochiai/ros2_ws/install/person_msgs/include/person_msgs/msg/person__struct.h
[0.764s] -- Up-to-date: /home/ochiai/ros2_ws/install/person_msgs/lib/libperson_msgs__rosidl_generator_c.so
[0.764s] -- Up-to-date: /home/ochiai/ros2_ws/install/person_msgs/include/person_msgs
[0.764s] -- Up-to-date: /home/ochiai/ros2_ws/install/person_msgs/include/person_msgs/srv
[0.764s] -- Up-to-date: /home/ochiai/ros2_ws/install/person_msgs/include/person_msgs/srv/dds_fastrtps
[0.764s] -- Up-to-date: /home/ochiai/ros2_ws/install/person_msgs/include/person_msgs/srv/query__rosidl_typesupport_fastrtps_cpp.hpp
[0.764s] -- Up-to-date: /home/ochiai/ros2_ws/install/person_msgs/include/person_msgs/msg
[0.764s] -- Up-to-date: /home/ochiai/ros2_ws/install/person_msgs/include/person_msgs/msg/rosidl_typesupport_fastrtps_cpp__visibility_control.h
[0.764s] -- Up-to-date: /home/ochiai/ros2_ws/install/person_msgs/include/person_msgs/msg/dds_fastrtps
[0.764s] -- Up-to-date: /home/ochiai/ros2_ws/install/person_msgs/include/person_msgs/msg/person__rosidl_typesupport_fastrtps_cpp.hpp
[0.764s] -- Up-to-date: /home/ochiai/ros2_ws/install/person_msgs/lib/libperson_msgs__rosidl_typesupport_fastrtps_cpp.so
[0.764s] -- Up-to-date: /home/ochiai/ros2_ws/install/person_msgs/include/person_msgs
[0.764s] -- Up-to-date: /home/ochiai/ros2_ws/install/person_msgs/include/person_msgs/srv
[0.765s] -- Up-to-date: /home/ochiai/ros2_ws/install/person_msgs/include/person_msgs/srv/query__struct.hpp
[0.765s] -- Up-to-date: /home/ochiai/ros2_ws/install/person_msgs/include/person_msgs/srv/query__traits.hpp
[0.765s] -- Up-to-date: /home/ochiai/ros2_ws/install/person_msgs/include/person_msgs/srv/query.hpp
[0.765s] -- Up-to-date: /home/ochiai/ros2_ws/install/person_msgs/include/person_msgs/msg
[0.765s] -- Up-to-date: /home/ochiai/ros2_ws/install/person_msgs/include/person_msgs/msg/person.hpp
[0.765s] -- Up-to-date: /home/ochiai/ros2_ws/install/person_msgs/include/person_msgs/msg/person__traits.hpp
[0.765s] -- Up-to-date: /home/ochiai/ros2_ws/install/person_msgs/include/person_msgs/msg/person__struct.hpp
[0.765s] -- Up-to-date: /home/ochiai/ros2_ws/install/person_msgs/include/person_msgs
[0.765s] -- Up-to-date: /home/ochiai/ros2_ws/install/person_msgs/include/person_msgs/srv
[0.765s] -- Up-to-date: /home/ochiai/ros2_ws/install/person_msgs/include/person_msgs/srv/query__type_support.c
[0.765s] -- Up-to-date: /home/ochiai/ros2_ws/install/person_msgs/include/person_msgs/srv/query__rosidl_typesupport_introspection_c.h
[0.765s] -- Up-to-date: /home/ochiai/ros2_ws/install/person_msgs/include/person_msgs/msg
[0.765s] -- Up-to-date: /home/ochiai/ros2_ws/install/person_msgs/include/person_msgs/msg/rosidl_typesupport_introspection_c__visibility_control.h
[0.766s] -- Up-to-date: /home/ochiai/ros2_ws/install/person_msgs/include/person_msgs/msg/person__type_support.c
[0.766s] -- Up-to-date: /home/ochiai/ros2_ws/install/person_msgs/include/person_msgs/msg/person__rosidl_typesupport_introspection_c.h
[0.766s] -- Up-to-date: /home/ochiai/ros2_ws/install/person_msgs/lib/libperson_msgs__rosidl_typesupport_introspection_c.so
[0.766s] -- Up-to-date: /home/ochiai/ros2_ws/install/person_msgs/include/person_msgs
[0.767s] -- Up-to-date: /home/ochiai/ros2_ws/install/person_msgs/include/person_msgs/srv
[0.767s] -- Up-to-date: /home/ochiai/ros2_ws/install/person_msgs/include/person_msgs/srv/query__type_support.cpp
[0.767s] -- Up-to-date: /home/ochiai/ros2_ws/install/person_msgs/include/person_msgs/srv/query__rosidl_typesupport_introspection_cpp.hpp
[0.767s] -- Up-to-date: /home/ochiai/ros2_ws/install/person_msgs/include/person_msgs/msg
[0.767s] -- Up-to-date: /home/ochiai/ros2_ws/install/person_msgs/include/person_msgs/msg/person__rosidl_typesupport_introspection_cpp.hpp
[0.768s] -- Up-to-date: /home/ochiai/ros2_ws/install/person_msgs/include/person_msgs/msg/person__type_support.cpp
[0.768s] -- Up-to-date: /home/ochiai/ros2_ws/install/person_msgs/lib/libperson_msgs__rosidl_typesupport_introspection_cpp.so
[0.768s] -- Up-to-date: /home/ochiai/ros2_ws/install/person_msgs/share/person_msgs/environment/pythonpath.sh
[0.768s] -- Up-to-date: /home/ochiai/ros2_ws/install/person_msgs/lib/python3.6/site-packages/person_msgs/__init__.py
[0.799s] -- Up-to-date: /home/ochiai/ros2_ws/install/person_msgs/lib/python3.6/site-packages/person_msgs/msg
[0.799s] -- Up-to-date: /home/ochiai/ros2_ws/install/person_msgs/lib/python3.6/site-packages/person_msgs/msg/_person.py
[0.799s] -- Up-to-date: /home/ochiai/ros2_ws/install/person_msgs/lib/python3.6/site-packages/person_msgs/msg/_person_s.c
[0.799s] -- Up-to-date: /home/ochiai/ros2_ws/install/person_msgs/lib/python3.6/site-packages/person_msgs/msg/__init__.py
[0.799s] -- Up-to-date: /home/ochiai/ros2_ws/install/person_msgs/lib/python3.6/site-packages/person_msgs/srv
[0.799s] -- Up-to-date: /home/ochiai/ros2_ws/install/person_msgs/lib/python3.6/site-packages/person_msgs/srv/_query_s.c
[0.800s] -- Up-to-date: /home/ochiai/ros2_ws/install/person_msgs/lib/python3.6/site-packages/person_msgs/srv/_query.py
[0.800s] -- Up-to-date: /home/ochiai/ros2_ws/install/person_msgs/lib/python3.6/site-packages/person_msgs/srv/__init__.py
[0.800s] -- Up-to-date: /home/ochiai/ros2_ws/install/person_msgs/lib/python3.6/site-packages/person_msgs/person_msgs_s__rosidl_typesupport_c.cpython-36m-x86_64-linux-gnu.so
[0.800s] -- Up-to-date: /home/ochiai/ros2_ws/install/person_msgs/lib/python3.6/site-packages/person_msgs/person_msgs_s__rosidl_typesupport_fastrtps_c.cpython-36m-x86_64-linux-gnu.so
[0.801s] -- Up-to-date: /home/ochiai/ros2_ws/install/person_msgs/lib/libperson_msgs__python.so
[0.801s] -- Up-to-date: /home/ochiai/ros2_ws/install/person_msgs/share/person_msgs/msg/Person.idl
[0.801s] -- Up-to-date: /home/ochiai/ros2_ws/install/person_msgs/share/person_msgs/srv/Query.idl
[0.801s] -- Up-to-date: /home/ochiai/ros2_ws/install/person_msgs/share/person_msgs/msg/Person.msg
[0.801s] -- Up-to-date: /home/ochiai/ros2_ws/install/person_msgs/share/person_msgs/srv/Query.srv
[0.801s] -- Up-to-date: /home/ochiai/ros2_ws/install/person_msgs/share/person_msgs/srv/Query_Request.msg
[0.802s] -- Up-to-date: /home/ochiai/ros2_ws/install/person_msgs/share/person_msgs/srv/Query_Response.msg
[0.802s] -- Up-to-date: /home/ochiai/ros2_ws/install/person_msgs/share/ament_index/resource_index/package_run_dependencies/person_msgs
[0.802s] -- Up-to-date: /home/ochiai/ros2_ws/install/person_msgs/share/ament_index/resource_index/parent_prefix_path/person_msgs
[0.802s] -- Up-to-date: /home/ochiai/ros2_ws/install/person_msgs/share/person_msgs/environment/ament_prefix_path.sh
[0.802s] -- Up-to-date: /home/ochiai/ros2_ws/install/person_msgs/share/person_msgs/environment/path.sh
[0.802s] -- Up-to-date: /home/ochiai/ros2_ws/install/person_msgs/share/person_msgs/local_setup.bash
[0.802s] -- Up-to-date: /home/ochiai/ros2_ws/install/person_msgs/share/person_msgs/local_setup.sh
[0.802s] -- Up-to-date: /home/ochiai/ros2_ws/install/person_msgs/share/person_msgs/local_setup.zsh
[0.802s] -- Up-to-date: /home/ochiai/ros2_ws/install/person_msgs/share/ament_index/resource_index/packages/person_msgs
[0.802s] -- Up-to-date: /home/ochiai/ros2_ws/install/person_msgs/share/person_msgs/cmake/rosidl_cmake-extras.cmake
[0.802s] -- Up-to-date: /home/ochiai/ros2_ws/install/person_msgs/share/person_msgs/cmake/ament_cmake_export_libraries-extras.cmake
[0.802s] -- Up-to-date: /home/ochiai/ros2_ws/install/person_msgs/share/person_msgs/cmake/ament_cmake_export_include_directories-extras.cmake
[0.802s] -- Up-to-date: /home/ochiai/ros2_ws/install/person_msgs/share/person_msgs/cmake/person_msgsConfig.cmake
[0.802s] -- Up-to-date: /home/ochiai/ros2_ws/install/person_msgs/share/person_msgs/cmake/person_msgsConfig-version.cmake
[0.803s] -- Up-to-date: /home/ochiai/ros2_ws/install/person_msgs/share/person_msgs/package.xml
[0.806s] Invoked command in '/home/ochiai/ros2_ws/build/person_msgs' returned '0': CMAKE_PREFIX_PATH=${CMAKE_PREFIX_PATH}:/home/ochiai/ros2_ws/install/mypkg:/opt/ros/dashing /usr/bin/cmake --build /home/ochiai/ros2_ws/build/person_msgs --target install -- -j8 -l8
