[0.145s] DEBUG:colcon:Command line arguments: ['/usr/bin/colcon', 'build']
[0.145s] DEBUG:colcon:Parsed command line arguments: Namespace(allow_overriding=[], ament_cmake_args=None, base_paths=['.'], build_base='build', catkin_cmake_args=None, catkin_skip_building_tests=False, cmake_args=None, cmake_clean_cache=False, cmake_clean_first=False, cmake_force_configure=False, cmake_target=None, cmake_target_skip_unavailable=False, continue_on_error=False, event_handlers=None, executor='parallel', ignore_user_meta=False, install_base='install', log_base=None, log_level=None, main=<bound method BuildVerb.main of <colcon_core.verb.build.BuildVerb object at 0x7ffa125ebb00>>, merge_install=False, metas=['./colcon.meta'], packages_above=None, packages_above_and_dependencies=None, packages_above_depth=None, packages_end=None, packages_ignore=None, packages_ignore_regex=None, packages_select=None, packages_select_build_failed=False, packages_select_by_dep=None, packages_select_regex=None, packages_select_test_failures=False, packages_skip=None, packages_skip_build_finished=False, packages_skip_by_dep=None, packages_skip_regex=None, packages_skip_test_passed=False, packages_skip_up_to=None, packages_start=None, packages_up_to=None, packages_up_to_regex=None, parallel_workers=8, paths=None, symlink_install=False, test_result_base=None, verb_extension=<colcon_core.verb.build.BuildVerb object at 0x7ffa125ebb00>, verb_name='build', verb_parser=<colcon_defaults.argument_parser.defaults.DefaultArgumentsDecorator object at 0x7ffa125ebe48>)
[0.164s] Level 1:colcon.colcon_core.package_discovery:discover_packages(colcon_meta) check parameters
[0.164s] Level 1:colcon.colcon_core.package_discovery:discover_packages(recursive) check parameters
[0.164s] Level 1:colcon.colcon_core.package_discovery:discover_packages(ignore) check parameters
[0.164s] Level 1:colcon.colcon_core.package_discovery:discover_packages(path) check parameters
[0.164s] Level 1:colcon.colcon_core.package_discovery:discover_packages(colcon_meta) discover
[0.164s] Level 1:colcon.colcon_core.package_discovery:discover_packages(recursive) discover
[0.164s] INFO:colcon.colcon_core.package_discovery:Crawling recursively for packages in '/home/ochiai/ros2_ws'
[0.164s] Level 1:colcon.colcon_core.package_identification:_identify(.) by extensions ['ignore', 'ignore_ament_install']
[0.164s] Level 1:colcon.colcon_core.package_identification:_identify(.) by extension 'ignore'
[0.164s] Level 1:colcon.colcon_core.package_identification:_identify(.) by extension 'ignore_ament_install'
[0.164s] Level 1:colcon.colcon_core.package_identification:_identify(.) by extensions ['colcon_pkg']
[0.164s] Level 1:colcon.colcon_core.package_identification:_identify(.) by extension 'colcon_pkg'
[0.164s] Level 1:colcon.colcon_core.package_identification:_identify(.) by extensions ['colcon_meta']
[0.164s] Level 1:colcon.colcon_core.package_identification:_identify(.) by extension 'colcon_meta'
[0.164s] Level 1:colcon.colcon_core.package_identification:_identify(.) by extensions ['ros']
[0.164s] Level 1:colcon.colcon_core.package_identification:_identify(.) by extension 'ros'
[0.178s] Level 1:colcon.colcon_core.package_identification:_identify(.) by extensions ['cmake', 'python']
[0.178s] Level 1:colcon.colcon_core.package_identification:_identify(.) by extension 'cmake'
[0.178s] Level 1:colcon.colcon_core.package_identification:_identify(.) by extension 'python'
[0.178s] Level 1:colcon.colcon_core.package_identification:_identify(.) by extensions ['python_setup_py']
[0.178s] Level 1:colcon.colcon_core.package_identification:_identify(.) by extension 'python_setup_py'
[0.179s] Level 1:colcon.colcon_core.package_identification:_identify(build) by extensions ['ignore', 'ignore_ament_install']
[0.179s] Level 1:colcon.colcon_core.package_identification:_identify(build) by extension 'ignore'
[0.179s] Level 1:colcon.colcon_core.package_identification:_identify(build) ignored
[0.179s] Level 1:colcon.colcon_core.package_identification:_identify(install) by extensions ['ignore', 'ignore_ament_install']
[0.179s] Level 1:colcon.colcon_core.package_identification:_identify(install) by extension 'ignore'
[0.179s] Level 1:colcon.colcon_core.package_identification:_identify(install) ignored
[0.179s] Level 1:colcon.colcon_core.package_identification:_identify(log) by extensions ['ignore', 'ignore_ament_install']
[0.179s] Level 1:colcon.colcon_core.package_identification:_identify(log) by extension 'ignore'
[0.179s] Level 1:colcon.colcon_core.package_identification:_identify(log) ignored
[0.179s] Level 1:colcon.colcon_core.package_identification:_identify(src) by extensions ['ignore', 'ignore_ament_install']
[0.179s] Level 1:colcon.colcon_core.package_identification:_identify(src) by extension 'ignore'
[0.179s] Level 1:colcon.colcon_core.package_identification:_identify(src) by extension 'ignore_ament_install'
[0.179s] Level 1:colcon.colcon_core.package_identification:_identify(src) by extensions ['colcon_pkg']
[0.179s] Level 1:colcon.colcon_core.package_identification:_identify(src) by extension 'colcon_pkg'
[0.179s] Level 1:colcon.colcon_core.package_identification:_identify(src) by extensions ['colcon_meta']
[0.179s] Level 1:colcon.colcon_core.package_identification:_identify(src) by extension 'colcon_meta'
[0.180s] Level 1:colcon.colcon_core.package_identification:_identify(src) by extensions ['ros']
[0.180s] Level 1:colcon.colcon_core.package_identification:_identify(src) by extension 'ros'
[0.180s] Level 1:colcon.colcon_core.package_identification:_identify(src) by extensions ['cmake', 'python']
[0.180s] Level 1:colcon.colcon_core.package_identification:_identify(src) by extension 'cmake'
[0.180s] Level 1:colcon.colcon_core.package_identification:_identify(src) by extension 'python'
[0.180s] Level 1:colcon.colcon_core.package_identification:_identify(src) by extensions ['python_setup_py']
[0.180s] Level 1:colcon.colcon_core.package_identification:_identify(src) by extension 'python_setup_py'
[0.180s] Level 1:colcon.colcon_core.package_identification:_identify(src/mypkg) by extensions ['ignore', 'ignore_ament_install']
[0.180s] Level 1:colcon.colcon_core.package_identification:_identify(src/mypkg) by extension 'ignore'
[0.180s] Level 1:colcon.colcon_core.package_identification:_identify(src/mypkg) by extension 'ignore_ament_install'
[0.180s] Level 1:colcon.colcon_core.package_identification:_identify(src/mypkg) by extensions ['colcon_pkg']
[0.180s] Level 1:colcon.colcon_core.package_identification:_identify(src/mypkg) by extension 'colcon_pkg'
[0.180s] Level 1:colcon.colcon_core.package_identification:_identify(src/mypkg) by extensions ['colcon_meta']
[0.180s] Level 1:colcon.colcon_core.package_identification:_identify(src/mypkg) by extension 'colcon_meta'
[0.180s] Level 1:colcon.colcon_core.package_identification:_identify(src/mypkg) by extensions ['ros']
[0.180s] Level 1:colcon.colcon_core.package_identification:_identify(src/mypkg) by extension 'ros'
[0.182s] DEBUG:colcon.colcon_core.package_identification:Package 'src/mypkg' with type 'ros.ament_python' and name 'mypkg'
[0.182s] Level 1:colcon.colcon_core.package_identification:_identify(src/person_msgs) by extensions ['ignore', 'ignore_ament_install']
[0.182s] Level 1:colcon.colcon_core.package_identification:_identify(src/person_msgs) by extension 'ignore'
[0.182s] Level 1:colcon.colcon_core.package_identification:_identify(src/person_msgs) by extension 'ignore_ament_install'
[0.182s] Level 1:colcon.colcon_core.package_identification:_identify(src/person_msgs) by extensions ['colcon_pkg']
[0.182s] Level 1:colcon.colcon_core.package_identification:_identify(src/person_msgs) by extension 'colcon_pkg'
[0.182s] Level 1:colcon.colcon_core.package_identification:_identify(src/person_msgs) by extensions ['colcon_meta']
[0.182s] Level 1:colcon.colcon_core.package_identification:_identify(src/person_msgs) by extension 'colcon_meta'
[0.182s] Level 1:colcon.colcon_core.package_identification:_identify(src/person_msgs) by extensions ['ros']
[0.182s] Level 1:colcon.colcon_core.package_identification:_identify(src/person_msgs) by extension 'ros'
[0.183s] DEBUG:colcon.colcon_core.package_identification:Package 'src/person_msgs' with type 'ros.ament_cmake' and name 'person_msgs'
[0.183s] Level 1:colcon.colcon_core.package_discovery:discover_packages(recursive) using defaults
[0.183s] Level 1:colcon.colcon_core.package_discovery:discover_packages(ignore) discover
[0.183s] Level 1:colcon.colcon_core.package_discovery:discover_packages(ignore) using defaults
[0.183s] Level 1:colcon.colcon_core.package_discovery:discover_packages(path) discover
[0.183s] Level 1:colcon.colcon_core.package_discovery:discover_packages(path) using defaults
[0.199s] Level 1:colcon.colcon_core.package_discovery:discover_packages(prefix_path) check parameters
[0.199s] Level 1:colcon.colcon_core.package_discovery:discover_packages(prefix_path) discover
[0.201s] DEBUG:colcon.colcon_installed_package_information.package_discovery:Found 2 installed packages in /home/ochiai/ros2_ws/install
[0.202s] DEBUG:colcon.colcon_installed_package_information.package_discovery:Found 215 installed packages in /opt/ros/dashing
[0.203s] Level 1:colcon.colcon_core.package_discovery:discover_packages(prefix_path) using defaults
[0.239s] Level 5:colcon.colcon_core.verb:set package 'mypkg' build argument 'cmake_args' from command line to 'None'
[0.239s] Level 5:colcon.colcon_core.verb:set package 'mypkg' build argument 'cmake_target' from command line to 'None'
[0.239s] Level 5:colcon.colcon_core.verb:set package 'mypkg' build argument 'cmake_target_skip_unavailable' from command line to 'False'
[0.239s] Level 5:colcon.colcon_core.verb:set package 'mypkg' build argument 'cmake_clean_cache' from command line to 'False'
[0.239s] Level 5:colcon.colcon_core.verb:set package 'mypkg' build argument 'cmake_clean_first' from command line to 'False'
[0.239s] Level 5:colcon.colcon_core.verb:set package 'mypkg' build argument 'cmake_force_configure' from command line to 'False'
[0.239s] Level 5:colcon.colcon_core.verb:set package 'mypkg' build argument 'ament_cmake_args' from command line to 'None'
[0.239s] Level 5:colcon.colcon_core.verb:set package 'mypkg' build argument 'catkin_cmake_args' from command line to 'None'
[0.239s] Level 5:colcon.colcon_core.verb:set package 'mypkg' build argument 'catkin_skip_building_tests' from command line to 'False'
[0.239s] DEBUG:colcon.colcon_core.verb:Building package 'mypkg' with the following arguments: {'ament_cmake_args': None, 'build_base': '/home/ochiai/ros2_ws/build/mypkg', 'catkin_cmake_args': None, 'catkin_skip_building_tests': False, 'cmake_args': None, 'cmake_clean_cache': False, 'cmake_clean_first': False, 'cmake_force_configure': False, 'cmake_target': None, 'cmake_target_skip_unavailable': False, 'install_base': '/home/ochiai/ros2_ws/install/mypkg', 'merge_install': False, 'path': '/home/ochiai/ros2_ws/src/mypkg', 'symlink_install': False, 'test_result_base': None}
[0.240s] Level 5:colcon.colcon_core.verb:set package 'person_msgs' build argument 'cmake_args' from command line to 'None'
[0.240s] Level 5:colcon.colcon_core.verb:set package 'person_msgs' build argument 'cmake_target' from command line to 'None'
[0.240s] Level 5:colcon.colcon_core.verb:set package 'person_msgs' build argument 'cmake_target_skip_unavailable' from command line to 'False'
[0.240s] Level 5:colcon.colcon_core.verb:set package 'person_msgs' build argument 'cmake_clean_cache' from command line to 'False'
[0.240s] Level 5:colcon.colcon_core.verb:set package 'person_msgs' build argument 'cmake_clean_first' from command line to 'False'
[0.240s] Level 5:colcon.colcon_core.verb:set package 'person_msgs' build argument 'cmake_force_configure' from command line to 'False'
[0.240s] Level 5:colcon.colcon_core.verb:set package 'person_msgs' build argument 'ament_cmake_args' from command line to 'None'
[0.240s] Level 5:colcon.colcon_core.verb:set package 'person_msgs' build argument 'catkin_cmake_args' from command line to 'None'
[0.240s] Level 5:colcon.colcon_core.verb:set package 'person_msgs' build argument 'catkin_skip_building_tests' from command line to 'False'
[0.240s] DEBUG:colcon.colcon_core.verb:Building package 'person_msgs' with the following arguments: {'ament_cmake_args': None, 'build_base': '/home/ochiai/ros2_ws/build/person_msgs', 'catkin_cmake_args': None, 'catkin_skip_building_tests': False, 'cmake_args': None, 'cmake_clean_cache': False, 'cmake_clean_first': False, 'cmake_force_configure': False, 'cmake_target': None, 'cmake_target_skip_unavailable': False, 'install_base': '/home/ochiai/ros2_ws/install/person_msgs', 'merge_install': False, 'path': '/home/ochiai/ros2_ws/src/person_msgs', 'symlink_install': False, 'test_result_base': None}
[0.241s] INFO:colcon.colcon_core.executor:Executing jobs using 'parallel' executor
[0.244s] DEBUG:colcon.colcon_parallel_executor.executor.parallel:run_until_complete
[0.244s] INFO:colcon.colcon_ros.task.ament_python.build:Building ROS package in '/home/ochiai/ros2_ws/src/mypkg' with build type 'ament_python'
[0.244s] Level 1:colcon.colcon_core.shell:create_environment_hook('mypkg', 'ament_prefix_path')
[0.247s] INFO:colcon.colcon_core.plugin_system:Skipping extension 'colcon_core.shell.bat': Not used on non-Windows systems
[0.247s] INFO:colcon.colcon_core.shell:Creating environment hook '/home/ochiai/ros2_ws/install/mypkg/share/mypkg/hook/ament_prefix_path.ps1'
[0.248s] INFO:colcon.colcon_core.shell:Creating environment descriptor '/home/ochiai/ros2_ws/install/mypkg/share/mypkg/hook/ament_prefix_path.dsv'
[0.248s] INFO:colcon.colcon_core.shell:Creating environment hook '/home/ochiai/ros2_ws/install/mypkg/share/mypkg/hook/ament_prefix_path.sh'
[0.249s] INFO:colcon.colcon_core.shell:Skip shell extension 'powershell' for command environment: Not usable outside of PowerShell
[0.249s] DEBUG:colcon.colcon_core.shell:Skip shell extension 'dsv' for command environment
[0.253s] INFO:colcon.colcon_ros.task.ament_cmake.build:Building ROS package in '/home/ochiai/ros2_ws/src/person_msgs' with build type 'ament_cmake'
[0.253s] INFO:colcon.colcon_cmake.task.cmake.build:Building CMake package in '/home/ochiai/ros2_ws/src/person_msgs'
[0.254s] INFO:colcon.colcon_core.shell:Skip shell extension 'powershell' for command environment: Not usable outside of PowerShell
[0.254s] DEBUG:colcon.colcon_core.shell:Skip shell extension 'dsv' for command environment
[0.398s] INFO:colcon.colcon_core.task.python.build:Building Python package in '/home/ochiai/ros2_ws/src/mypkg'
[0.399s] INFO:colcon.colcon_core.shell:Skip shell extension 'powershell' for command environment: Not usable outside of PowerShell
[0.399s] DEBUG:colcon.colcon_core.shell:Skip shell extension 'dsv' for command environment
[0.406s] DEBUG:colcon.colcon_core.event_handler.log_command:Invoking command in '/home/ochiai/ros2_ws/build/person_msgs': CMAKE_PREFIX_PATH=${CMAKE_PREFIX_PATH}:/home/ochiai/ros2_ws/install/mypkg:/opt/ros/dashing /usr/bin/cmake --build /home/ochiai/ros2_ws/build/person_msgs -- -j8 -l8
[0.656s] DEBUG:colcon.colcon_core.event_handler.log_command:Invoking command in '/home/ochiai/ros2_ws/src/mypkg': PYTHONPATH=/home/ochiai/ros2_ws/install/mypkg/lib/python3.6/site-packages:${PYTHONPATH} /usr/bin/python3 setup.py egg_info --egg-base ../../build/mypkg build --build-base /home/ochiai/ros2_ws/build/mypkg/build install --prefix /home/ochiai/ros2_ws/install/mypkg --record /home/ochiai/ros2_ws/build/mypkg/install.log --single-version-externally-managed
[0.880s] DEBUG:colcon.colcon_core.event_handler.log_command:Invoked command in '/home/ochiai/ros2_ws/src/mypkg' returned '0': PYTHONPATH=/home/ochiai/ros2_ws/install/mypkg/lib/python3.6/site-packages:${PYTHONPATH} /usr/bin/python3 setup.py egg_info --egg-base ../../build/mypkg build --build-base /home/ochiai/ros2_ws/build/mypkg/build install --prefix /home/ochiai/ros2_ws/install/mypkg --record /home/ochiai/ros2_ws/build/mypkg/install.log --single-version-externally-managed
[0.882s] Level 1:colcon.colcon_core.environment:checking '/home/ochiai/ros2_ws/install/mypkg' for CMake module files
[0.883s] Level 1:colcon.colcon_core.environment:checking '/home/ochiai/ros2_ws/install/mypkg' for CMake config files
[0.883s] Level 1:colcon.colcon_core.environment:checking '/home/ochiai/ros2_ws/install/mypkg/lib'
[0.884s] Level 1:colcon.colcon_core.environment:checking '/home/ochiai/ros2_ws/install/mypkg/bin'
[0.884s] Level 1:colcon.colcon_core.environment:checking '/home/ochiai/ros2_ws/install/mypkg/lib/pkgconfig/mypkg.pc'
[0.884s] Level 1:colcon.colcon_core.environment:checking '/home/ochiai/ros2_ws/install/mypkg/lib/python3.6/site-packages'
[0.884s] Level 1:colcon.colcon_core.shell:create_environment_hook('mypkg', 'pythonpath')
[0.885s] INFO:colcon.colcon_core.shell:Creating environment hook '/home/ochiai/ros2_ws/install/mypkg/share/mypkg/hook/pythonpath.ps1'
[0.885s] INFO:colcon.colcon_core.shell:Creating environment descriptor '/home/ochiai/ros2_ws/install/mypkg/share/mypkg/hook/pythonpath.dsv'
[0.885s] INFO:colcon.colcon_core.shell:Creating environment hook '/home/ochiai/ros2_ws/install/mypkg/share/mypkg/hook/pythonpath.sh'
[0.886s] Level 1:colcon.colcon_core.environment:checking '/home/ochiai/ros2_ws/install/mypkg/bin'
[0.886s] Level 1:colcon.colcon_core.environment:create_environment_scripts_only(mypkg)
[0.887s] INFO:colcon.colcon_core.shell:Creating package script '/home/ochiai/ros2_ws/install/mypkg/share/mypkg/package.ps1'
[0.887s] INFO:colcon.colcon_core.shell:Creating package descriptor '/home/ochiai/ros2_ws/install/mypkg/share/mypkg/package.dsv'
[0.888s] INFO:colcon.colcon_core.shell:Creating package script '/home/ochiai/ros2_ws/install/mypkg/share/mypkg/package.sh'
[0.888s] INFO:colcon.colcon_core.shell:Creating package script '/home/ochiai/ros2_ws/install/mypkg/share/mypkg/package.bash'
[0.889s] INFO:colcon.colcon_core.shell:Creating package script '/home/ochiai/ros2_ws/install/mypkg/share/mypkg/package.zsh'
[0.889s] Level 1:colcon.colcon_core.environment:create_file_with_runtime_dependencies(/home/ochiai/ros2_ws/install/mypkg/share/colcon-core/packages/mypkg)
[6.958s] DEBUG:colcon.colcon_core.event_handler.log_command:Invoked command in '/home/ochiai/ros2_ws/build/person_msgs' returned '0': CMAKE_PREFIX_PATH=${CMAKE_PREFIX_PATH}:/home/ochiai/ros2_ws/install/mypkg:/opt/ros/dashing /usr/bin/cmake --build /home/ochiai/ros2_ws/build/person_msgs -- -j8 -l8
[7.020s] DEBUG:colcon.colcon_core.event_handler.log_command:Invoking command in '/home/ochiai/ros2_ws/build/person_msgs': CMAKE_PREFIX_PATH=${CMAKE_PREFIX_PATH}:/home/ochiai/ros2_ws/install/mypkg:/opt/ros/dashing /usr/bin/cmake --build /home/ochiai/ros2_ws/build/person_msgs --target install -- -j8 -l8
[7.237s] Level 1:colcon.colcon_core.environment:create_environment_scripts_only(person_msgs)
[7.239s] Level 1:colcon.colcon_core.environment:checking '/home/ochiai/ros2_ws/install/person_msgs' for CMake module files
[7.239s] DEBUG:colcon.colcon_core.event_handler.log_command:Invoked command in '/home/ochiai/ros2_ws/build/person_msgs' returned '0': CMAKE_PREFIX_PATH=${CMAKE_PREFIX_PATH}:/home/ochiai/ros2_ws/install/mypkg:/opt/ros/dashing /usr/bin/cmake --build /home/ochiai/ros2_ws/build/person_msgs --target install -- -j8 -l8
[7.240s] Level 1:colcon.colcon_core.environment:checking '/home/ochiai/ros2_ws/install/person_msgs' for CMake config files
[7.240s] Level 1:colcon.colcon_core.shell:create_environment_hook('person_msgs', 'cmake_prefix_path')
[7.241s] INFO:colcon.colcon_core.shell:Creating environment hook '/home/ochiai/ros2_ws/install/person_msgs/share/person_msgs/hook/cmake_prefix_path.ps1'
[7.241s] INFO:colcon.colcon_core.shell:Creating environment descriptor '/home/ochiai/ros2_ws/install/person_msgs/share/person_msgs/hook/cmake_prefix_path.dsv'
[7.241s] INFO:colcon.colcon_core.shell:Creating environment hook '/home/ochiai/ros2_ws/install/person_msgs/share/person_msgs/hook/cmake_prefix_path.sh'
[7.242s] Level 1:colcon.colcon_core.environment:checking '/home/ochiai/ros2_ws/install/person_msgs/lib'
[7.242s] Level 1:colcon.colcon_core.shell:create_environment_hook('person_msgs', 'ld_library_path_lib')
[7.243s] INFO:colcon.colcon_core.shell:Creating environment hook '/home/ochiai/ros2_ws/install/person_msgs/share/person_msgs/hook/ld_library_path_lib.ps1'
[7.243s] INFO:colcon.colcon_core.shell:Creating environment descriptor '/home/ochiai/ros2_ws/install/person_msgs/share/person_msgs/hook/ld_library_path_lib.dsv'
[7.243s] INFO:colcon.colcon_core.shell:Creating environment hook '/home/ochiai/ros2_ws/install/person_msgs/share/person_msgs/hook/ld_library_path_lib.sh'
[7.243s] Level 1:colcon.colcon_core.environment:checking '/home/ochiai/ros2_ws/install/person_msgs/bin'
[7.243s] Level 1:colcon.colcon_core.environment:checking '/home/ochiai/ros2_ws/install/person_msgs/lib/pkgconfig/person_msgs.pc'
[7.243s] Level 1:colcon.colcon_core.environment:checking '/home/ochiai/ros2_ws/install/person_msgs/lib/python3.6/site-packages'
[7.243s] Level 1:colcon.colcon_core.shell:create_environment_hook('person_msgs', 'pythonpath')
[7.244s] INFO:colcon.colcon_core.shell:Creating environment hook '/home/ochiai/ros2_ws/install/person_msgs/share/person_msgs/hook/pythonpath.ps1'
[7.244s] INFO:colcon.colcon_core.shell:Creating environment descriptor '/home/ochiai/ros2_ws/install/person_msgs/share/person_msgs/hook/pythonpath.dsv'
[7.245s] INFO:colcon.colcon_core.shell:Creating environment hook '/home/ochiai/ros2_ws/install/person_msgs/share/person_msgs/hook/pythonpath.sh'
[7.245s] Level 1:colcon.colcon_core.environment:checking '/home/ochiai/ros2_ws/install/person_msgs/bin'
[7.246s] INFO:colcon.colcon_core.shell:Creating package script '/home/ochiai/ros2_ws/install/person_msgs/share/person_msgs/package.ps1'
[7.246s] INFO:colcon.colcon_core.shell:Creating package descriptor '/home/ochiai/ros2_ws/install/person_msgs/share/person_msgs/package.dsv'
[7.246s] INFO:colcon.colcon_core.shell:Creating package script '/home/ochiai/ros2_ws/install/person_msgs/share/person_msgs/package.sh'
[7.247s] INFO:colcon.colcon_core.shell:Creating package script '/home/ochiai/ros2_ws/install/person_msgs/share/person_msgs/package.bash'
[7.247s] INFO:colcon.colcon_core.shell:Creating package script '/home/ochiai/ros2_ws/install/person_msgs/share/person_msgs/package.zsh'
[7.247s] Level 1:colcon.colcon_core.environment:create_file_with_runtime_dependencies(/home/ochiai/ros2_ws/install/person_msgs/share/colcon-core/packages/person_msgs)
[7.299s] Level 1:colcon.colcon_core.environment:create_environment_scripts_only(person_msgs)
[7.301s] Level 1:colcon.colcon_core.environment:checking '/home/ochiai/ros2_ws/install/person_msgs' for CMake module files
[7.301s] Level 1:colcon.colcon_core.environment:checking '/home/ochiai/ros2_ws/install/person_msgs' for CMake config files
[7.301s] Level 1:colcon.colcon_core.shell:create_environment_hook('person_msgs', 'cmake_prefix_path')
[7.302s] INFO:colcon.colcon_core.shell:Creating environment hook '/home/ochiai/ros2_ws/install/person_msgs/share/person_msgs/hook/cmake_prefix_path.ps1'
[7.302s] INFO:colcon.colcon_core.shell:Creating environment descriptor '/home/ochiai/ros2_ws/install/person_msgs/share/person_msgs/hook/cmake_prefix_path.dsv'
[7.303s] INFO:colcon.colcon_core.shell:Creating environment hook '/home/ochiai/ros2_ws/install/person_msgs/share/person_msgs/hook/cmake_prefix_path.sh'
[7.303s] Level 1:colcon.colcon_core.environment:checking '/home/ochiai/ros2_ws/install/person_msgs/lib'
[7.303s] Level 1:colcon.colcon_core.shell:create_environment_hook('person_msgs', 'ld_library_path_lib')
[7.304s] INFO:colcon.colcon_core.shell:Creating environment hook '/home/ochiai/ros2_ws/install/person_msgs/share/person_msgs/hook/ld_library_path_lib.ps1'
[7.304s] INFO:colcon.colcon_core.shell:Creating environment descriptor '/home/ochiai/ros2_ws/install/person_msgs/share/person_msgs/hook/ld_library_path_lib.dsv'
[7.305s] INFO:colcon.colcon_core.shell:Creating environment hook '/home/ochiai/ros2_ws/install/person_msgs/share/person_msgs/hook/ld_library_path_lib.sh'
[7.305s] Level 1:colcon.colcon_core.environment:checking '/home/ochiai/ros2_ws/install/person_msgs/bin'
[7.305s] Level 1:colcon.colcon_core.environment:checking '/home/ochiai/ros2_ws/install/person_msgs/lib/pkgconfig/person_msgs.pc'
[7.305s] Level 1:colcon.colcon_core.environment:checking '/home/ochiai/ros2_ws/install/person_msgs/lib/python3.6/site-packages'
[7.305s] Level 1:colcon.colcon_core.shell:create_environment_hook('person_msgs', 'pythonpath')
[7.306s] INFO:colcon.colcon_core.shell:Creating environment hook '/home/ochiai/ros2_ws/install/person_msgs/share/person_msgs/hook/pythonpath.ps1'
[7.306s] INFO:colcon.colcon_core.shell:Creating environment descriptor '/home/ochiai/ros2_ws/install/person_msgs/share/person_msgs/hook/pythonpath.dsv'
[7.306s] INFO:colcon.colcon_core.shell:Creating environment hook '/home/ochiai/ros2_ws/install/person_msgs/share/person_msgs/hook/pythonpath.sh'
[7.306s] Level 1:colcon.colcon_core.environment:checking '/home/ochiai/ros2_ws/install/person_msgs/bin'
[7.307s] INFO:colcon.colcon_core.shell:Creating package script '/home/ochiai/ros2_ws/install/person_msgs/share/person_msgs/package.ps1'
[7.308s] INFO:colcon.colcon_core.shell:Creating package descriptor '/home/ochiai/ros2_ws/install/person_msgs/share/person_msgs/package.dsv'
[7.308s] INFO:colcon.colcon_core.shell:Creating package script '/home/ochiai/ros2_ws/install/person_msgs/share/person_msgs/package.sh'
[7.308s] INFO:colcon.colcon_core.shell:Creating package script '/home/ochiai/ros2_ws/install/person_msgs/share/person_msgs/package.bash'
[7.309s] INFO:colcon.colcon_core.shell:Creating package script '/home/ochiai/ros2_ws/install/person_msgs/share/person_msgs/package.zsh'
[7.310s] Level 1:colcon.colcon_core.environment:create_file_with_runtime_dependencies(/home/ochiai/ros2_ws/install/person_msgs/share/colcon-core/packages/person_msgs)
[7.310s] DEBUG:colcon.colcon_parallel_executor.executor.parallel:closing loop
[7.310s] DEBUG:colcon.colcon_parallel_executor.executor.parallel:loop closed
[7.310s] DEBUG:colcon.colcon_parallel_executor.executor.parallel:run_until_complete finished with '0'
[7.310s] DEBUG:colcon.colcon_core.event_reactor:joining thread
[7.329s] INFO:colcon.colcon_core.plugin_system:Skipping extension 'colcon_notification.desktop_notification.notify_send': Could not find 'notify-send'
[7.330s] INFO:colcon.colcon_core.plugin_system:Skipping extension 'colcon_notification.desktop_notification.terminal_notifier': Not used on non-Darwin systems
[7.330s] INFO:colcon.colcon_core.plugin_system:Skipping extension 'colcon_notification.desktop_notification.win32': Not used on non-Windows systems
[7.330s] INFO:colcon.colcon_notification.desktop_notification:Sending desktop notification using 'notify2'
[7.349s] DEBUG:colcon.colcon_notification.desktop_notification.notify2:Failed to initialize notify2: org.freedesktop.DBus.Error.ServiceUnknown: The name org.freedesktop.Notifications was not provided by any .service files
[7.349s] DEBUG:colcon.colcon_core.event_reactor:joined thread
[7.351s] INFO:colcon.colcon_core.shell:Creating prefix script '/home/ochiai/ros2_ws/install/local_setup.ps1'
[7.351s] INFO:colcon.colcon_core.shell:Creating prefix util module '/home/ochiai/ros2_ws/install/_local_setup_util_ps1.py'
[7.352s] INFO:colcon.colcon_core.shell:Creating prefix chain script '/home/ochiai/ros2_ws/install/setup.ps1'
[7.353s] INFO:colcon.colcon_core.shell:Creating prefix script '/home/ochiai/ros2_ws/install/local_setup.sh'
[7.354s] INFO:colcon.colcon_core.shell:Creating prefix util module '/home/ochiai/ros2_ws/install/_local_setup_util_sh.py'
[7.354s] INFO:colcon.colcon_core.shell:Creating prefix chain script '/home/ochiai/ros2_ws/install/setup.sh'
[7.355s] INFO:colcon.colcon_core.shell:Creating prefix script '/home/ochiai/ros2_ws/install/local_setup.bash'
[7.355s] INFO:colcon.colcon_core.shell:Creating prefix chain script '/home/ochiai/ros2_ws/install/setup.bash'
[7.356s] INFO:colcon.colcon_core.shell:Creating prefix script '/home/ochiai/ros2_ws/install/local_setup.zsh'
[7.356s] INFO:colcon.colcon_core.shell:Creating prefix chain script '/home/ochiai/ros2_ws/install/setup.zsh'
