[0.147s] Invoking command in '/home/ochiai/ros2_ws/build/person_msgs': CMAKE_PREFIX_PATH=${CMAKE_PREFIX_PATH}:/home/ochiai/ros2_ws/install/mypkg:/opt/ros/dashing /usr/bin/cmake --build /home/ochiai/ros2_ws/build/person_msgs -- -j8 -l8
[0.183s] [  2%] Built target person_msgs__cpp
[0.183s] [ 13%] Built target person_msgs__rosidl_generator_c
[0.200s] [ 24%] Built target person_msgs__rosidl_typesupport_introspection_c
[0.201s] [ 35%] Built target person_msgs__rosidl_typesupport_introspection_cpp
[0.203s] [ 45%] Built target person_msgs__rosidl_typesupport_fastrtps_cpp
[0.222s] [ 67%] Built target person_msgs__rosidl_typesupport_fastrtps_c
[0.222s] [ 67%] Built target person_msgs__rosidl_typesupport_cpp
[0.239s] [ 78%] Built target person_msgs__rosidl_typesupport_c
[0.253s] [ 78%] Built target person_msgs
[0.268s] [ 81%] Built target person_msgs__py
[0.286s] [ 89%] Built target person_msgs__python
[0.304s] [100%] Built target person_msgs__rosidl_typesupport_c__pyext
[0.305s] [100%] Built target person_msgs__rosidl_typesupport_fastrtps_c__pyext
[0.314s] Invoked command in '/home/ochiai/ros2_ws/build/person_msgs' returned '0': CMAKE_PREFIX_PATH=${CMAKE_PREFIX_PATH}:/home/ochiai/ros2_ws/install/mypkg:/opt/ros/dashing /usr/bin/cmake --build /home/ochiai/ros2_ws/build/person_msgs -- -j8 -l8
[0.376s] Invoking command in '/home/ochiai/ros2_ws/build/person_msgs': CMAKE_PREFIX_PATH=${CMAKE_PREFIX_PATH}:/home/ochiai/ros2_ws/install/mypkg:/opt/ros/dashing /usr/bin/cmake --build /home/ochiai/ros2_ws/build/person_msgs --target install -- -j8 -l8
[0.413s] [  5%] Built target person_msgs__cpp
[0.413s] [ 13%] Built target person_msgs__rosidl_generator_c
[0.431s] [ 24%] Built target person_msgs__rosidl_typesupport_introspection_c
[0.431s] [ 35%] Built target person_msgs__rosidl_typesupport_introspection_cpp
[0.432s] [ 45%] Built target person_msgs__rosidl_typesupport_fastrtps_cpp
[0.450s] [ 67%] Built target person_msgs__rosidl_typesupport_fastrtps_c
[0.450s] [ 67%] Built target person_msgs__rosidl_typesupport_cpp
[0.468s] [ 78%] Built target person_msgs__rosidl_typesupport_c
[0.482s] [ 78%] Built target person_msgs
[0.496s] [ 81%] Built target person_msgs__py
[0.514s] [ 89%] Built target person_msgs__python
[0.533s] [100%] Built target person_msgs__rosidl_typesupport_c__pyext
[0.533s] [100%] Built target person_msgs__rosidl_typesupport_fastrtps_c__pyext
[0.547s] [36mInstall the project...[0m
[0.553s] -- Install configuration: ""
[0.553s] -- Up-to-date: /home/ochiai/ros2_ws/install/person_msgs/share/ament_index/resource_index/rosidl_interfaces/person_msgs
[0.554s] -- Up-to-date: /home/ochiai/ros2_ws/install/person_msgs/lib/libperson_msgs__rosidl_typesupport_c.so
[0.554s] -- Up-to-date: /home/ochiai/ros2_ws/install/person_msgs/share/person_msgs/environment/library_path.sh
[0.554s] -- Up-to-date: /home/ochiai/ros2_ws/install/person_msgs/lib/libperson_msgs__rosidl_typesupport_cpp.so
[0.555s] -- Up-to-date: /home/ochiai/ros2_ws/install/person_msgs/include/person_msgs
[0.555s] -- Up-to-date: /home/ochiai/ros2_ws/install/person_msgs/include/person_msgs/srv
[0.555s] -- Up-to-date: /home/ochiai/ros2_ws/install/person_msgs/include/person_msgs/srv/query__rosidl_typesupport_fastrtps_c.h
[0.555s] -- Up-to-date: /home/ochiai/ros2_ws/install/person_msgs/include/person_msgs/msg
[0.555s] -- Up-to-date: /home/ochiai/ros2_ws/install/person_msgs/include/person_msgs/msg/rosidl_typesupport_fastrtps_c__visibility_control.h
[0.555s] -- Up-to-date: /home/ochiai/ros2_ws/install/person_msgs/include/person_msgs/msg/person__rosidl_typesupport_fastrtps_c.h
[0.556s] -- Up-to-date: /home/ochiai/ros2_ws/install/person_msgs/lib/libperson_msgs__rosidl_typesupport_fastrtps_c.so
[0.556s] -- Up-to-date: /home/ochiai/ros2_ws/install/person_msgs/include/person_msgs
[0.556s] -- Up-to-date: /home/ochiai/ros2_ws/install/person_msgs/include/person_msgs/srv
[0.556s] -- Up-to-date: /home/ochiai/ros2_ws/install/person_msgs/include/person_msgs/srv/query__functions.c
[0.557s] -- Up-to-date: /home/ochiai/ros2_ws/install/person_msgs/include/person_msgs/srv/query.h
[0.557s] -- Up-to-date: /home/ochiai/ros2_ws/install/person_msgs/include/person_msgs/srv/query__type_support.h
[0.557s] -- Up-to-date: /home/ochiai/ros2_ws/install/person_msgs/include/person_msgs/srv/query__functions.h
[0.557s] -- Up-to-date: /home/ochiai/ros2_ws/install/person_msgs/include/person_msgs/srv/query__struct.h
[0.557s] -- Up-to-date: /home/ochiai/ros2_ws/install/person_msgs/include/person_msgs/msg
[0.557s] -- Up-to-date: /home/ochiai/ros2_ws/install/person_msgs/include/person_msgs/msg/person.h
[0.557s] -- Up-to-date: /home/ochiai/ros2_ws/install/person_msgs/include/person_msgs/msg/person__functions.c
[0.557s] -- Up-to-date: /home/ochiai/ros2_ws/install/person_msgs/include/person_msgs/msg/person__type_support.h
[0.557s] -- Up-to-date: /home/ochiai/ros2_ws/install/person_msgs/include/person_msgs/msg/person__functions.h
[0.558s] -- Up-to-date: /home/ochiai/ros2_ws/install/person_msgs/include/person_msgs/msg/rosidl_generator_c__visibility_control.h
[0.558s] -- Up-to-date: /home/ochiai/ros2_ws/install/person_msgs/include/person_msgs/msg/person__struct.h
[0.558s] -- Up-to-date: /home/ochiai/ros2_ws/install/person_msgs/lib/libperson_msgs__rosidl_generator_c.so
[0.558s] -- Up-to-date: /home/ochiai/ros2_ws/install/person_msgs/include/person_msgs
[0.558s] -- Up-to-date: /home/ochiai/ros2_ws/install/person_msgs/include/person_msgs/srv
[0.558s] -- Up-to-date: /home/ochiai/ros2_ws/install/person_msgs/include/person_msgs/srv/dds_fastrtps
[0.558s] -- Up-to-date: /home/ochiai/ros2_ws/install/person_msgs/include/person_msgs/srv/query__rosidl_typesupport_fastrtps_cpp.hpp
[0.558s] -- Up-to-date: /home/ochiai/ros2_ws/install/person_msgs/include/person_msgs/msg
[0.558s] -- Up-to-date: /home/ochiai/ros2_ws/install/person_msgs/include/person_msgs/msg/rosidl_typesupport_fastrtps_cpp__visibility_control.h
[0.558s] -- Up-to-date: /home/ochiai/ros2_ws/install/person_msgs/include/person_msgs/msg/dds_fastrtps
[0.558s] -- Up-to-date: /home/ochiai/ros2_ws/install/person_msgs/include/person_msgs/msg/person__rosidl_typesupport_fastrtps_cpp.hpp
[0.558s] -- Up-to-date: /home/ochiai/ros2_ws/install/person_msgs/lib/libperson_msgs__rosidl_typesupport_fastrtps_cpp.so
[0.558s] -- Up-to-date: /home/ochiai/ros2_ws/install/person_msgs/include/person_msgs
[0.558s] -- Up-to-date: /home/ochiai/ros2_ws/install/person_msgs/include/person_msgs/srv
[0.558s] -- Up-to-date: /home/ochiai/ros2_ws/install/person_msgs/include/person_msgs/srv/query__struct.hpp
[0.558s] -- Up-to-date: /home/ochiai/ros2_ws/install/person_msgs/include/person_msgs/srv/query__traits.hpp
[0.558s] -- Up-to-date: /home/ochiai/ros2_ws/install/person_msgs/include/person_msgs/srv/query.hpp
[0.558s] -- Up-to-date: /home/ochiai/ros2_ws/install/person_msgs/include/person_msgs/msg
[0.558s] -- Up-to-date: /home/ochiai/ros2_ws/install/person_msgs/include/person_msgs/msg/person.hpp
[0.558s] -- Up-to-date: /home/ochiai/ros2_ws/install/person_msgs/include/person_msgs/msg/person__traits.hpp
[0.559s] -- Up-to-date: /home/ochiai/ros2_ws/install/person_msgs/include/person_msgs/msg/person__struct.hpp
[0.559s] -- Up-to-date: /home/ochiai/ros2_ws/install/person_msgs/include/person_msgs
[0.559s] -- Up-to-date: /home/ochiai/ros2_ws/install/person_msgs/include/person_msgs/srv
[0.559s] -- Up-to-date: /home/ochiai/ros2_ws/install/person_msgs/include/person_msgs/srv/query__type_support.c
[0.559s] -- Up-to-date: /home/ochiai/ros2_ws/install/person_msgs/include/person_msgs/srv/query__rosidl_typesupport_introspection_c.h
[0.559s] -- Up-to-date: /home/ochiai/ros2_ws/install/person_msgs/include/person_msgs/msg
[0.559s] -- Up-to-date: /home/ochiai/ros2_ws/install/person_msgs/include/person_msgs/msg/rosidl_typesupport_introspection_c__visibility_control.h
[0.559s] -- Up-to-date: /home/ochiai/ros2_ws/install/person_msgs/include/person_msgs/msg/person__type_support.c
[0.559s] -- Up-to-date: /home/ochiai/ros2_ws/install/person_msgs/include/person_msgs/msg/person__rosidl_typesupport_introspection_c.h
[0.559s] -- Up-to-date: /home/ochiai/ros2_ws/install/person_msgs/lib/libperson_msgs__rosidl_typesupport_introspection_c.so
[0.559s] -- Up-to-date: /home/ochiai/ros2_ws/install/person_msgs/include/person_msgs
[0.559s] -- Up-to-date: /home/ochiai/ros2_ws/install/person_msgs/include/person_msgs/srv
[0.559s] -- Up-to-date: /home/ochiai/ros2_ws/install/person_msgs/include/person_msgs/srv/query__type_support.cpp
[0.559s] -- Up-to-date: /home/ochiai/ros2_ws/install/person_msgs/include/person_msgs/srv/query__rosidl_typesupport_introspection_cpp.hpp
[0.559s] -- Up-to-date: /home/ochiai/ros2_ws/install/person_msgs/include/person_msgs/msg
[0.559s] -- Up-to-date: /home/ochiai/ros2_ws/install/person_msgs/include/person_msgs/msg/person__rosidl_typesupport_introspection_cpp.hpp
[0.559s] -- Up-to-date: /home/ochiai/ros2_ws/install/person_msgs/include/person_msgs/msg/person__type_support.cpp
[0.559s] -- Up-to-date: /home/ochiai/ros2_ws/install/person_msgs/lib/libperson_msgs__rosidl_typesupport_introspection_cpp.so
[0.559s] -- Up-to-date: /home/ochiai/ros2_ws/install/person_msgs/share/person_msgs/environment/pythonpath.sh
[0.559s] -- Up-to-date: /home/ochiai/ros2_ws/install/person_msgs/lib/python3.6/site-packages/person_msgs/__init__.py
[0.581s] -- Up-to-date: /home/ochiai/ros2_ws/install/person_msgs/lib/python3.6/site-packages/person_msgs/msg
[0.581s] -- Up-to-date: /home/ochiai/ros2_ws/install/person_msgs/lib/python3.6/site-packages/person_msgs/msg/_person.py
[0.582s] -- Up-to-date: /home/ochiai/ros2_ws/install/person_msgs/lib/python3.6/site-packages/person_msgs/msg/_person_s.c
[0.582s] -- Up-to-date: /home/ochiai/ros2_ws/install/person_msgs/lib/python3.6/site-packages/person_msgs/msg/__init__.py
[0.582s] -- Up-to-date: /home/ochiai/ros2_ws/install/person_msgs/lib/python3.6/site-packages/person_msgs/srv
[0.582s] -- Up-to-date: /home/ochiai/ros2_ws/install/person_msgs/lib/python3.6/site-packages/person_msgs/srv/_query_s.c
[0.583s] -- Up-to-date: /home/ochiai/ros2_ws/install/person_msgs/lib/python3.6/site-packages/person_msgs/srv/_query.py
[0.583s] -- Up-to-date: /home/ochiai/ros2_ws/install/person_msgs/lib/python3.6/site-packages/person_msgs/srv/__init__.py
[0.583s] -- Up-to-date: /home/ochiai/ros2_ws/install/person_msgs/lib/python3.6/site-packages/person_msgs/person_msgs_s__rosidl_typesupport_c.cpython-36m-x86_64-linux-gnu.so
[0.583s] -- Up-to-date: /home/ochiai/ros2_ws/install/person_msgs/lib/python3.6/site-packages/person_msgs/person_msgs_s__rosidl_typesupport_fastrtps_c.cpython-36m-x86_64-linux-gnu.so
[0.583s] -- Up-to-date: /home/ochiai/ros2_ws/install/person_msgs/lib/libperson_msgs__python.so
[0.584s] -- Up-to-date: /home/ochiai/ros2_ws/install/person_msgs/share/person_msgs/msg/Person.idl
[0.584s] -- Up-to-date: /home/ochiai/ros2_ws/install/person_msgs/share/person_msgs/srv/Query.idl
[0.585s] -- Up-to-date: /home/ochiai/ros2_ws/install/person_msgs/share/person_msgs/msg/Person.msg
[0.585s] -- Up-to-date: /home/ochiai/ros2_ws/install/person_msgs/share/person_msgs/srv/Query.srv
[0.585s] -- Up-to-date: /home/ochiai/ros2_ws/install/person_msgs/share/person_msgs/srv/Query_Request.msg
[0.585s] -- Up-to-date: /home/ochiai/ros2_ws/install/person_msgs/share/person_msgs/srv/Query_Response.msg
[0.585s] -- Up-to-date: /home/ochiai/ros2_ws/install/person_msgs/share/ament_index/resource_index/package_run_dependencies/person_msgs
[0.585s] -- Up-to-date: /home/ochiai/ros2_ws/install/person_msgs/share/ament_index/resource_index/parent_prefix_path/person_msgs
[0.585s] -- Up-to-date: /home/ochiai/ros2_ws/install/person_msgs/share/person_msgs/environment/ament_prefix_path.sh
[0.586s] -- Up-to-date: /home/ochiai/ros2_ws/install/person_msgs/share/person_msgs/environment/path.sh
[0.586s] -- Up-to-date: /home/ochiai/ros2_ws/install/person_msgs/share/person_msgs/local_setup.bash
[0.586s] -- Up-to-date: /home/ochiai/ros2_ws/install/person_msgs/share/person_msgs/local_setup.sh
[0.586s] -- Up-to-date: /home/ochiai/ros2_ws/install/person_msgs/share/person_msgs/local_setup.zsh
[0.587s] -- Up-to-date: /home/ochiai/ros2_ws/install/person_msgs/share/ament_index/resource_index/packages/person_msgs
[0.587s] -- Up-to-date: /home/ochiai/ros2_ws/install/person_msgs/share/person_msgs/cmake/rosidl_cmake-extras.cmake
[0.587s] -- Up-to-date: /home/ochiai/ros2_ws/install/person_msgs/share/person_msgs/cmake/ament_cmake_export_libraries-extras.cmake
[0.587s] -- Up-to-date: /home/ochiai/ros2_ws/install/person_msgs/share/person_msgs/cmake/ament_cmake_export_include_directories-extras.cmake
[0.587s] -- Up-to-date: /home/ochiai/ros2_ws/install/person_msgs/share/person_msgs/cmake/person_msgsConfig.cmake
[0.587s] -- Up-to-date: /home/ochiai/ros2_ws/install/person_msgs/share/person_msgs/cmake/person_msgsConfig-version.cmake
[0.588s] -- Up-to-date: /home/ochiai/ros2_ws/install/person_msgs/share/person_msgs/package.xml
[0.591s] Invoked command in '/home/ochiai/ros2_ws/build/person_msgs' returned '0': CMAKE_PREFIX_PATH=${CMAKE_PREFIX_PATH}:/home/ochiai/ros2_ws/install/mypkg:/opt/ros/dashing /usr/bin/cmake --build /home/ochiai/ros2_ws/build/person_msgs --target install -- -j8 -l8
