[0.395s] Invoking command in '/home/ochiai/ros2_ws/src/mypkg': PYTHONPATH=/home/ochiai/ros2_ws/install/mypkg/lib/python3.6/site-packages:${PYTHONPATH} /usr/bin/python3 setup.py egg_info --egg-base ../../build/mypkg build --build-base /home/ochiai/ros2_ws/build/mypkg/build install --prefix /home/ochiai/ros2_ws/install/mypkg --record /home/ochiai/ros2_ws/build/mypkg/install.log --single-version-externally-managed
[0.550s] running egg_info
[0.551s] writing ../../build/mypkg/mypkg.egg-info/PKG-INFO
[0.551s] writing dependency_links to ../../build/mypkg/mypkg.egg-info/dependency_links.txt
[0.551s] writing entry points to ../../build/mypkg/mypkg.egg-info/entry_points.txt
[0.551s] writing requirements to ../../build/mypkg/mypkg.egg-info/requires.txt
[0.551s] writing top-level names to ../../build/mypkg/mypkg.egg-info/top_level.txt
[0.578s] reading manifest file '../../build/mypkg/mypkg.egg-info/SOURCES.txt'
[0.580s] writing manifest file '../../build/mypkg/mypkg.egg-info/SOURCES.txt'
[0.580s] running build
[0.580s] running build_py
[0.580s] copying mypkg/listener.py -> /home/ochiai/ros2_ws/build/mypkg/build/lib/mypkg
[0.580s] running install
[0.581s] running install_lib
[0.581s] copying /home/ochiai/ros2_ws/build/mypkg/build/lib/mypkg/listener.py -> /home/ochiai/ros2_ws/install/mypkg/lib/python3.6/site-packages/mypkg
[0.581s] byte-compiling /home/ochiai/ros2_ws/install/mypkg/lib/python3.6/site-packages/mypkg/listener.py to listener.cpython-36.pyc
[0.581s] running install_data
[0.582s] running install_egg_info
[0.583s] removing '/home/ochiai/ros2_ws/install/mypkg/lib/python3.6/site-packages/mypkg-0.0.0-py3.6.egg-info' (and everything under it)
[0.584s] Copying ../../build/mypkg/mypkg.egg-info to /home/ochiai/ros2_ws/install/mypkg/lib/python3.6/site-packages/mypkg-0.0.0-py3.6.egg-info
[0.585s] running install_scripts
[0.598s] Installing listener script to /home/ochiai/ros2_ws/install/mypkg/lib/mypkg
[0.598s] Installing talker script to /home/ochiai/ros2_ws/install/mypkg/lib/mypkg
[0.598s] writing list of installed files to '/home/ochiai/ros2_ws/build/mypkg/install.log'
[0.616s] Invoked command in '/home/ochiai/ros2_ws/src/mypkg' returned '0': PYTHONPATH=/home/ochiai/ros2_ws/install/mypkg/lib/python3.6/site-packages:${PYTHONPATH} /usr/bin/python3 setup.py egg_info --egg-base ../../build/mypkg build --build-base /home/ochiai/ros2_ws/build/mypkg/build install --prefix /home/ochiai/ros2_ws/install/mypkg --record /home/ochiai/ros2_ws/build/mypkg/install.log --single-version-externally-managed
