[0.164s] Invoking command in '/home/ochiai/ros2_ws/build/person_msgs': CMAKE_PREFIX_PATH=/home/ochiai/ros2_ws/install/mypkg:/opt/ros/dashing /usr/bin/cmake /home/ochiai/ros2_ws/src/person_msgs -DCMAKE_INSTALL_PREFIX=/home/ochiai/ros2_ws/install/person_msgs
[0.356s] -- The C compiler identification is GNU 7.5.0
[0.522s] -- The CXX compiler identification is GNU 7.5.0
[0.554s] -- Check for working C compiler: /usr/bin/cc
[0.650s] -- Check for working C compiler: /usr/bin/cc -- works
[0.651s] -- Detecting C compiler ABI info
[0.725s] -- Detecting C compiler ABI info - done
[0.729s] -- Detecting C compile features
[0.940s] -- Detecting C compile features - done
[0.943s] -- Check for working CXX compiler: /usr/bin/c++
[1.020s] -- Check for working CXX compiler: /usr/bin/c++ -- works
[1.020s] -- Detecting CXX compiler ABI info
[1.097s] -- Detecting CXX compiler ABI info - done
[1.100s] -- Detecting CXX compile features
[1.408s] -- Detecting CXX compile features - done
[1.415s] -- Found ament_cmake: 0.7.6 (/opt/ros/dashing/share/ament_cmake/cmake)
[1.439s] -- Found PythonInterp: /usr/bin/python3 (found suitable version "3.6.9", minimum required is "3") 
[1.439s] -- Using PYTHON_EXECUTABLE: /usr/bin/python3
[1.602s] -- Found rosidl_default_generators: 0.7.0 (/opt/ros/dashing/share/rosidl_default_generators/cmake)
[1.968s] -- Found OpenSSL: /usr/lib/x86_64-linux-gnu/libcrypto.so (found version "1.1.1") 
[2.329s] -- Found FastRTPS: /opt/ros/dashing/include  
[2.345s] -- Found rosidl_adapter: 0.7.10 (/opt/ros/dashing/share/rosidl_adapter/cmake)
[2.992s] -- Found PythonInterp: /usr/bin/python3 (found version "3.6.9") 
[3.078s] -- Using single matching rosidl_typesupport_c: rosidl_typesupport_fastrtps_c
[3.084s] -- Using single matching rosidl_typesupport_cpp: rosidl_typesupport_fastrtps_cpp
[4.302s] -- Found rmw_implementation_cmake: 0.7.2 (/opt/ros/dashing/share/rmw_implementation_cmake/cmake)
[4.320s] -- Found PythonInterp: /usr/bin/python3 (found suitable version "3.6.9", minimum required is "3.5") 
[4.323s] -- Found python_cmake_module: 0.7.11 (/opt/ros/dashing/share/python_cmake_module/cmake)
[4.399s] -- Found PythonLibs: /usr/lib/x86_64-linux-gnu/libpython3.6m.so (found suitable version "3.6.9", minimum required is "3.5") 
[4.399s] -- Using PYTHON_EXECUTABLE: /usr/bin/python3
[4.400s] -- Using PYTHON_INCLUDE_DIRS: /usr/include/python3.6m
[4.400s] -- Using PYTHON_LIBRARIES: /usr/lib/x86_64-linux-gnu/libpython3.6m.so
[4.415s] -- Found PythonExtra: .so  
[5.641s] -- Found ament_lint_auto: 0.7.12 (/opt/ros/dashing/share/ament_lint_auto/cmake)
[5.666s] -- Added test 'lint_cmake' to check CMake code style
[5.667s] -- Added test 'xmllint' to check XML markup files
[5.670s] -- Configuring done
[5.691s] -- Generating done
[5.694s] -- Build files have been written to: /home/ochiai/ros2_ws/build/person_msgs
[5.700s] Invoked command in '/home/ochiai/ros2_ws/build/person_msgs' returned '0': CMAKE_PREFIX_PATH=/home/ochiai/ros2_ws/install/mypkg:/opt/ros/dashing /usr/bin/cmake /home/ochiai/ros2_ws/src/person_msgs -DCMAKE_INSTALL_PREFIX=/home/ochiai/ros2_ws/install/person_msgs
[5.700s] Invoking command in '/home/ochiai/ros2_ws/build/person_msgs': CMAKE_PREFIX_PATH=/home/ochiai/ros2_ws/install/mypkg:/opt/ros/dashing /usr/bin/cmake --build /home/ochiai/ros2_ws/build/person_msgs -- -j8 -l8
[5.727s] [  3%] [34m[1mGenerating C code for ROS interfaces[0m
[5.727s] [35m[1mScanning dependencies of target person_msgs__cpp[0m
[5.734s] [  6%] [34m[1mGenerating C++ code for ROS interfaces[0m
[5.952s] [  6%] Built target person_msgs__cpp
[5.960s] [ 10%] [34m[1mGenerating C++ introspection for ROS interfaces[0m
[5.960s] [ 13%] [34m[1mGenerating C++ type support for eProsima Fast-RTPS[0m
[5.966s] [35m[1mScanning dependencies of target person_msgs__rosidl_generator_c[0m
[5.976s] [ 17%] [32mBuilding C object CMakeFiles/person_msgs__rosidl_generator_c.dir/rosidl_generator_c/person_msgs/msg/person__functions.c.o[0m
[6.008s] [ 20%] [32m[1mLinking C shared library libperson_msgs__rosidl_generator_c.so[0m
[6.056s] [ 20%] Built target person_msgs__rosidl_generator_c
[6.064s] [ 24%] [34m[1mGenerating C introspection for ROS interfaces[0m
[6.182s] [35m[1mScanning dependencies of target person_msgs__rosidl_typesupport_introspection_cpp[0m
[6.199s] [ 27%] [32mBuilding CXX object CMakeFiles/person_msgs__rosidl_typesupport_introspection_cpp.dir/rosidl_typesupport_introspection_cpp/person_msgs/msg/person__type_support.cpp.o[0m
[6.225s] [35m[1mScanning dependencies of target person_msgs__rosidl_typesupport_fastrtps_cpp[0m
[6.239s] [ 31%] [32mBuilding CXX object CMakeFiles/person_msgs__rosidl_typesupport_fastrtps_cpp.dir/rosidl_typesupport_fastrtps_cpp/person_msgs/msg/dds_fastrtps/person__type_support.cpp.o[0m
[6.314s] [35m[1mScanning dependencies of target person_msgs__rosidl_typesupport_introspection_c[0m
[6.337s] [ 34%] [32mBuilding C object CMakeFiles/person_msgs__rosidl_typesupport_introspection_c.dir/rosidl_typesupport_introspection_c/person_msgs/msg/person__type_support.c.o[0m
[6.368s] [ 37%] [32m[1mLinking C shared library libperson_msgs__rosidl_typesupport_introspection_c.so[0m
[6.413s] [ 37%] Built target person_msgs__rosidl_typesupport_introspection_c
[6.436s] [ 41%] [32m[1mLinking CXX shared library libperson_msgs__rosidl_typesupport_introspection_cpp.so[0m
[6.485s] [ 41%] Built target person_msgs__rosidl_typesupport_introspection_cpp
[6.525s] [ 44%] [32m[1mLinking CXX shared library libperson_msgs__rosidl_typesupport_fastrtps_cpp.so[0m
[6.603s] [ 44%] Built target person_msgs__rosidl_typesupport_fastrtps_cpp
[6.610s] [ 51%] [34m[1mGenerating C++ type support dispatch for ROS interfaces[0m
[6.610s] [ 51%] [34m[1mGenerating C type support for eProsima Fast-RTPS[0m
[6.779s] [35m[1mScanning dependencies of target person_msgs__rosidl_typesupport_cpp[0m
[6.789s] [ 55%] [32mBuilding CXX object CMakeFiles/person_msgs__rosidl_typesupport_cpp.dir/rosidl_typesupport_cpp/person_msgs/msg/person__type_support.cpp.o[0m
[6.800s] [35m[1mScanning dependencies of target person_msgs__rosidl_typesupport_fastrtps_c[0m
[6.812s] [ 58%] [32mBuilding CXX object CMakeFiles/person_msgs__rosidl_typesupport_fastrtps_c.dir/rosidl_typesupport_fastrtps_c/person_msgs/msg/person__type_support_c.cpp.o[0m
[7.006s] [ 62%] [32m[1mLinking CXX shared library libperson_msgs__rosidl_typesupport_cpp.so[0m
[7.008s] [ 65%] [32m[1mLinking CXX shared library libperson_msgs__rosidl_typesupport_fastrtps_c.so[0m
[7.083s] [ 65%] Built target person_msgs__rosidl_typesupport_cpp
[7.083s] [ 65%] Built target person_msgs__rosidl_typesupport_fastrtps_c
[7.090s] [ 68%] [34m[1mGenerating C type support dispatch for ROS interfaces[0m
[7.261s] [35m[1mScanning dependencies of target person_msgs__rosidl_typesupport_c[0m
[7.269s] [ 72%] [32mBuilding CXX object CMakeFiles/person_msgs__rosidl_typesupport_c.dir/rosidl_typesupport_c/person_msgs/msg/person__type_support.cpp.o[0m
[7.289s] [ 75%] [32m[1mLinking CXX shared library libperson_msgs__rosidl_typesupport_c.so[0m
[7.346s] [ 75%] Built target person_msgs__rosidl_typesupport_c
[7.353s] [35m[1mScanning dependencies of target person_msgs[0m
[7.360s] [ 75%] Built target person_msgs
[7.367s] [35m[1mScanning dependencies of target person_msgs__py[0m
[7.374s] [ 79%] [34m[1mGenerating Python code for ROS interfaces[0m
[7.646s] [ 79%] Built target person_msgs__py
[7.652s] [35m[1mScanning dependencies of target person_msgs__python[0m
[7.686s] [ 82%] [32mBuilding C object CMakeFiles/person_msgs__python.dir/rosidl_generator_py/person_msgs/msg/_person_s.c.o[0m
[7.757s] [ 86%] [32m[1mLinking C shared library rosidl_generator_py/person_msgs/libperson_msgs__python.so[0m
[7.815s] [ 86%] Built target person_msgs__python
[7.822s] [35m[1mScanning dependencies of target person_msgs__rosidl_typesupport_fastrtps_c__pyext[0m
[7.822s] [35m[1mScanning dependencies of target person_msgs__rosidl_typesupport_c__pyext[0m
[7.835s] [ 93%] [32mBuilding C object CMakeFiles/person_msgs__rosidl_typesupport_c__pyext.dir/rosidl_generator_py/person_msgs/_person_msgs_s.ep.rosidl_typesupport_c.c.o[0m
[7.835s] [ 93%] [32mBuilding C object CMakeFiles/person_msgs__rosidl_typesupport_fastrtps_c__pyext.dir/rosidl_generator_py/person_msgs/_person_msgs_s.ep.rosidl_typesupport_fastrtps_c.c.o[0m
[7.877s] [100%] [32m[1mLinking C shared library rosidl_generator_py/person_msgs/person_msgs_s__rosidl_typesupport_c.cpython-36m-x86_64-linux-gnu.so[0m
[7.877s] [100%] [32m[1mLinking C shared library rosidl_generator_py/person_msgs/person_msgs_s__rosidl_typesupport_fastrtps_c.cpython-36m-x86_64-linux-gnu.so[0m
[7.928s] [100%] Built target person_msgs__rosidl_typesupport_fastrtps_c__pyext
[7.928s] [100%] Built target person_msgs__rosidl_typesupport_c__pyext
[7.936s] Invoked command in '/home/ochiai/ros2_ws/build/person_msgs' returned '0': CMAKE_PREFIX_PATH=/home/ochiai/ros2_ws/install/mypkg:/opt/ros/dashing /usr/bin/cmake --build /home/ochiai/ros2_ws/build/person_msgs -- -j8 -l8
[7.981s] Invoking command in '/home/ochiai/ros2_ws/build/person_msgs': CMAKE_PREFIX_PATH=/home/ochiai/ros2_ws/install/mypkg:/opt/ros/dashing /usr/bin/cmake --build /home/ochiai/ros2_ws/build/person_msgs --target install -- -j8 -l8
[8.015s] [  6%] Built target person_msgs__cpp
[8.015s] [ 13%] Built target person_msgs__rosidl_generator_c
[8.031s] [ 34%] Built target person_msgs__rosidl_typesupport_introspection_cpp
[8.031s] [ 34%] Built target person_msgs__rosidl_typesupport_introspection_c
[8.032s] [ 44%] Built target person_msgs__rosidl_typesupport_fastrtps_cpp
[8.048s] [ 62%] Built target person_msgs__rosidl_typesupport_fastrtps_c
[8.048s] [ 65%] Built target person_msgs__rosidl_typesupport_cpp
[8.064s] [ 75%] Built target person_msgs__rosidl_typesupport_c
[8.078s] [ 75%] Built target person_msgs
[8.091s] [ 79%] Built target person_msgs__py
[8.107s] [ 86%] Built target person_msgs__python
[8.124s] [100%] Built target person_msgs__rosidl_typesupport_fastrtps_c__pyext
[8.124s] [100%] Built target person_msgs__rosidl_typesupport_c__pyext
[8.136s] [36mInstall the project...[0m
[8.142s] -- Install configuration: ""
[8.143s] -- Installing: /home/ochiai/ros2_ws/install/person_msgs/share/ament_index/resource_index/rosidl_interfaces/person_msgs
[8.143s] -- Installing: /home/ochiai/ros2_ws/install/person_msgs/lib/libperson_msgs__rosidl_typesupport_c.so
[8.143s] -- Set runtime path of "/home/ochiai/ros2_ws/install/person_msgs/lib/libperson_msgs__rosidl_typesupport_c.so" to ""
[8.143s] -- Installing: /home/ochiai/ros2_ws/install/person_msgs/share/person_msgs/environment/library_path.sh
[8.143s] -- Installing: /home/ochiai/ros2_ws/install/person_msgs/lib/libperson_msgs__rosidl_typesupport_cpp.so
[8.143s] -- Set runtime path of "/home/ochiai/ros2_ws/install/person_msgs/lib/libperson_msgs__rosidl_typesupport_cpp.so" to ""
[8.144s] -- Installing: /home/ochiai/ros2_ws/install/person_msgs/include/person_msgs
[8.144s] -- Installing: /home/ochiai/ros2_ws/install/person_msgs/include/person_msgs/msg
[8.144s] -- Installing: /home/ochiai/ros2_ws/install/person_msgs/include/person_msgs/msg/rosidl_typesupport_fastrtps_c__visibility_control.h
[8.144s] -- Installing: /home/ochiai/ros2_ws/install/person_msgs/include/person_msgs/msg/person__rosidl_typesupport_fastrtps_c.h
[8.144s] -- Installing: /home/ochiai/ros2_ws/install/person_msgs/lib/libperson_msgs__rosidl_typesupport_fastrtps_c.so
[8.144s] -- Set runtime path of "/home/ochiai/ros2_ws/install/person_msgs/lib/libperson_msgs__rosidl_typesupport_fastrtps_c.so" to ""
[8.144s] -- Up-to-date: /home/ochiai/ros2_ws/install/person_msgs/include/person_msgs
[8.144s] -- Up-to-date: /home/ochiai/ros2_ws/install/person_msgs/include/person_msgs/msg
[8.144s] -- Installing: /home/ochiai/ros2_ws/install/person_msgs/include/person_msgs/msg/person.h
[8.145s] -- Installing: /home/ochiai/ros2_ws/install/person_msgs/include/person_msgs/msg/person__functions.c
[8.145s] -- Installing: /home/ochiai/ros2_ws/install/person_msgs/include/person_msgs/msg/person__type_support.h
[8.145s] -- Installing: /home/ochiai/ros2_ws/install/person_msgs/include/person_msgs/msg/person__functions.h
[8.145s] -- Installing: /home/ochiai/ros2_ws/install/person_msgs/include/person_msgs/msg/rosidl_generator_c__visibility_control.h
[8.145s] -- Installing: /home/ochiai/ros2_ws/install/person_msgs/include/person_msgs/msg/person__struct.h
[8.145s] -- Installing: /home/ochiai/ros2_ws/install/person_msgs/lib/libperson_msgs__rosidl_generator_c.so
[8.146s] -- Set runtime path of "/home/ochiai/ros2_ws/install/person_msgs/lib/libperson_msgs__rosidl_generator_c.so" to ""
[8.146s] -- Up-to-date: /home/ochiai/ros2_ws/install/person_msgs/include/person_msgs
[8.146s] -- Up-to-date: /home/ochiai/ros2_ws/install/person_msgs/include/person_msgs/msg
[8.146s] -- Installing: /home/ochiai/ros2_ws/install/person_msgs/include/person_msgs/msg/rosidl_typesupport_fastrtps_cpp__visibility_control.h
[8.146s] -- Installing: /home/ochiai/ros2_ws/install/person_msgs/include/person_msgs/msg/dds_fastrtps
[8.146s] -- Installing: /home/ochiai/ros2_ws/install/person_msgs/include/person_msgs/msg/person__rosidl_typesupport_fastrtps_cpp.hpp
[8.146s] -- Installing: /home/ochiai/ros2_ws/install/person_msgs/lib/libperson_msgs__rosidl_typesupport_fastrtps_cpp.so
[8.147s] -- Set runtime path of "/home/ochiai/ros2_ws/install/person_msgs/lib/libperson_msgs__rosidl_typesupport_fastrtps_cpp.so" to ""
[8.147s] -- Up-to-date: /home/ochiai/ros2_ws/install/person_msgs/include/person_msgs
[8.147s] -- Up-to-date: /home/ochiai/ros2_ws/install/person_msgs/include/person_msgs/msg
[8.147s] -- Installing: /home/ochiai/ros2_ws/install/person_msgs/include/person_msgs/msg/person.hpp
[8.147s] -- Installing: /home/ochiai/ros2_ws/install/person_msgs/include/person_msgs/msg/person__traits.hpp
[8.147s] -- Installing: /home/ochiai/ros2_ws/install/person_msgs/include/person_msgs/msg/person__struct.hpp
[8.147s] -- Up-to-date: /home/ochiai/ros2_ws/install/person_msgs/include/person_msgs
[8.147s] -- Up-to-date: /home/ochiai/ros2_ws/install/person_msgs/include/person_msgs/msg
[8.147s] -- Installing: /home/ochiai/ros2_ws/install/person_msgs/include/person_msgs/msg/rosidl_typesupport_introspection_c__visibility_control.h
[8.147s] -- Installing: /home/ochiai/ros2_ws/install/person_msgs/include/person_msgs/msg/person__type_support.c
[8.147s] -- Installing: /home/ochiai/ros2_ws/install/person_msgs/include/person_msgs/msg/person__rosidl_typesupport_introspection_c.h
[8.147s] -- Installing: /home/ochiai/ros2_ws/install/person_msgs/lib/libperson_msgs__rosidl_typesupport_introspection_c.so
[8.147s] -- Set runtime path of "/home/ochiai/ros2_ws/install/person_msgs/lib/libperson_msgs__rosidl_typesupport_introspection_c.so" to ""
[8.147s] -- Up-to-date: /home/ochiai/ros2_ws/install/person_msgs/include/person_msgs
[8.147s] -- Up-to-date: /home/ochiai/ros2_ws/install/person_msgs/include/person_msgs/msg
[8.147s] -- Installing: /home/ochiai/ros2_ws/install/person_msgs/include/person_msgs/msg/person__rosidl_typesupport_introspection_cpp.hpp
[8.147s] -- Installing: /home/ochiai/ros2_ws/install/person_msgs/include/person_msgs/msg/person__type_support.cpp
[8.147s] -- Installing: /home/ochiai/ros2_ws/install/person_msgs/lib/libperson_msgs__rosidl_typesupport_introspection_cpp.so
[8.148s] -- Set runtime path of "/home/ochiai/ros2_ws/install/person_msgs/lib/libperson_msgs__rosidl_typesupport_introspection_cpp.so" to ""
[8.148s] -- Installing: /home/ochiai/ros2_ws/install/person_msgs/share/person_msgs/environment/pythonpath.sh
[8.148s] -- Installing: /home/ochiai/ros2_ws/install/person_msgs/lib/python3.6/site-packages/person_msgs/__init__.py
[8.168s] Compiling '/home/ochiai/ros2_ws/install/person_msgs/lib/python3.6/site-packages/person_msgs/__init__.py'...
[8.170s] -- Installing: /home/ochiai/ros2_ws/install/person_msgs/lib/python3.6/site-packages/person_msgs/msg
[8.170s] -- Installing: /home/ochiai/ros2_ws/install/person_msgs/lib/python3.6/site-packages/person_msgs/msg/_person.py
[8.170s] -- Installing: /home/ochiai/ros2_ws/install/person_msgs/lib/python3.6/site-packages/person_msgs/msg/_person_s.c
[8.170s] -- Installing: /home/ochiai/ros2_ws/install/person_msgs/lib/python3.6/site-packages/person_msgs/msg/__init__.py
[8.170s] -- Installing: /home/ochiai/ros2_ws/install/person_msgs/lib/python3.6/site-packages/person_msgs/person_msgs_s__rosidl_typesupport_c.cpython-36m-x86_64-linux-gnu.so
[8.171s] -- Set runtime path of "/home/ochiai/ros2_ws/install/person_msgs/lib/python3.6/site-packages/person_msgs/person_msgs_s__rosidl_typesupport_c.cpython-36m-x86_64-linux-gnu.so" to ""
[8.171s] -- Installing: /home/ochiai/ros2_ws/install/person_msgs/lib/python3.6/site-packages/person_msgs/person_msgs_s__rosidl_typesupport_fastrtps_c.cpython-36m-x86_64-linux-gnu.so
[8.171s] -- Set runtime path of "/home/ochiai/ros2_ws/install/person_msgs/lib/python3.6/site-packages/person_msgs/person_msgs_s__rosidl_typesupport_fastrtps_c.cpython-36m-x86_64-linux-gnu.so" to ""
[8.171s] -- Installing: /home/ochiai/ros2_ws/install/person_msgs/lib/libperson_msgs__python.so
[8.171s] -- Set runtime path of "/home/ochiai/ros2_ws/install/person_msgs/lib/libperson_msgs__python.so" to ""
[8.171s] -- Installing: /home/ochiai/ros2_ws/install/person_msgs/share/person_msgs/msg/Person.idl
[8.172s] -- Installing: /home/ochiai/ros2_ws/install/person_msgs/share/person_msgs/msg/Person.msg
[8.172s] -- Installing: /home/ochiai/ros2_ws/install/person_msgs/share/ament_index/resource_index/package_run_dependencies/person_msgs
[8.172s] -- Installing: /home/ochiai/ros2_ws/install/person_msgs/share/ament_index/resource_index/parent_prefix_path/person_msgs
[8.172s] -- Installing: /home/ochiai/ros2_ws/install/person_msgs/share/person_msgs/environment/ament_prefix_path.sh
[8.172s] -- Installing: /home/ochiai/ros2_ws/install/person_msgs/share/person_msgs/environment/path.sh
[8.172s] -- Installing: /home/ochiai/ros2_ws/install/person_msgs/share/person_msgs/local_setup.bash
[8.172s] -- Installing: /home/ochiai/ros2_ws/install/person_msgs/share/person_msgs/local_setup.sh
[8.172s] -- Installing: /home/ochiai/ros2_ws/install/person_msgs/share/person_msgs/local_setup.zsh
[8.173s] -- Installing: /home/ochiai/ros2_ws/install/person_msgs/share/ament_index/resource_index/packages/person_msgs
[8.173s] -- Installing: /home/ochiai/ros2_ws/install/person_msgs/share/person_msgs/cmake/rosidl_cmake-extras.cmake
[8.173s] -- Installing: /home/ochiai/ros2_ws/install/person_msgs/share/person_msgs/cmake/ament_cmake_export_libraries-extras.cmake
[8.173s] -- Installing: /home/ochiai/ros2_ws/install/person_msgs/share/person_msgs/cmake/ament_cmake_export_include_directories-extras.cmake
[8.173s] -- Installing: /home/ochiai/ros2_ws/install/person_msgs/share/person_msgs/cmake/person_msgsConfig.cmake
[8.173s] -- Installing: /home/ochiai/ros2_ws/install/person_msgs/share/person_msgs/cmake/person_msgsConfig-version.cmake
[8.173s] -- Installing: /home/ochiai/ros2_ws/install/person_msgs/share/person_msgs/package.xml
[8.176s] Invoked command in '/home/ochiai/ros2_ws/build/person_msgs' returned '0': CMAKE_PREFIX_PATH=/home/ochiai/ros2_ws/install/mypkg:/opt/ros/dashing /usr/bin/cmake --build /home/ochiai/ros2_ws/build/person_msgs --target install -- -j8 -l8
